2020-09-06 09:22:48 INFO  [org.springframework.boot.StartupInfoLogger        ] : Starting MyJwtApplication on LAPTOP-V4F9FVFF with PID 12896 (E:\MyItem\my-jwt\target\classes started by 86166 in E:\MyItem)
2020-09-06 09:22:48 INFO  [org.springframework.boot.SpringApplication        ] : No active profile set, falling back to default profiles: default
2020-09-06 09:22:49 INFO  [.repository.config.RepositoryConfigurationDelegate] : Multiple Spring Data modules found, entering strict repository configuration mode!
2020-09-06 09:22:49 INFO  [.repository.config.RepositoryConfigurationDelegate] : Bootstrapping Spring Data Redis repositories in DEFAULT mode.
2020-09-06 09:22:49 INFO  [.repository.config.RepositoryConfigurationDelegate] : Finished Spring Data repository scanning in 24ms. Found 0 Redis repository interfaces.
2020-09-06 09:22:50 INFO  [framework.boot.web.embedded.tomcat.TomcatWebServer] : Tomcat initialized with port(s): 9090 (http)
2020-09-06 09:22:50 INFO  [org.apache.juli.logging.DirectJDKLog              ] : Initializing ProtocolHandler ["http-nio-9090"]
2020-09-06 09:22:50 INFO  [org.apache.juli.logging.DirectJDKLog              ] : Starting service [Tomcat]
2020-09-06 09:22:50 INFO  [org.apache.juli.logging.DirectJDKLog              ] : Starting Servlet engine: [Apache Tomcat/9.0.37]
2020-09-06 09:22:50 INFO  [org.apache.juli.logging.DirectJDKLog              ] : Initializing Spring embedded WebApplicationContext
2020-09-06 09:22:50 INFO  [servlet.context.ServletWebServerApplicationContext] : Root WebApplicationContext: initialization completed in 1872 ms
2020-09-06 09:22:50 INFO  [com.alibaba.druid.pool.DruidDataSource            ] : {dataSource-1} inited
2020-09-06 09:22:51 INFO  [scheduling.concurrent.ExecutorConfigurationSupport] : Initializing ExecutorService 'applicationTaskExecutor'
2020-09-06 09:22:52 INFO  [gframework.security.web.DefaultSecurityFilterChain] : Creating filter chain: any request, [org.springframework.security.web.context.request.async.WebAsyncManagerIntegrationFilter@75527e36, org.springframework.security.web.context.SecurityContextPersistenceFilter@44384b4a, org.springframework.security.web.header.HeaderWriterFilter@561d88ee, org.springframework.security.web.authentication.logout.LogoutFilter@7f8c3646, com.alimather.myjwt.common.filters.JwtAuthenticationTokenFilter@6af310c7, org.springframework.security.web.authentication.UsernamePasswordAuthenticationFilter@54be6213, org.springframework.security.web.authentication.ui.DefaultLoginPageGeneratingFilter@63f2e0b, org.springframework.security.web.authentication.ui.DefaultLogoutPageGeneratingFilter@76596288, org.springframework.security.web.authentication.www.BasicAuthenticationFilter@47f2c722, org.springframework.security.web.savedrequest.RequestCacheAwareFilter@4239262e, org.springframework.security.web.servletapi.SecurityContextHolderAwareRequestFilter@9f0fc36, org.springframework.security.web.authentication.rememberme.RememberMeAuthenticationFilter@1426370c, org.springframework.security.web.authentication.AnonymousAuthenticationFilter@6d815fb7, org.springframework.security.web.session.SessionManagementFilter@5f883d90, org.springframework.security.web.access.ExceptionTranslationFilter@23afc725, org.springframework.security.web.access.intercept.FilterSecurityInterceptor@b55f5b7]
2020-09-06 09:22:52 INFO  [org.apache.juli.logging.DirectJDKLog              ] : Starting ProtocolHandler ["http-nio-9090"]
2020-09-06 09:22:52 INFO  [framework.boot.web.embedded.tomcat.TomcatWebServer] : Tomcat started on port(s): 9090 (http) with context path ''
2020-09-06 09:22:52 INFO  [org.springframework.boot.StartupInfoLogger        ] : Started MyJwtApplication in 4.637 seconds (JVM running for 7.84)
2020-09-06 09:23:27 INFO  [org.apache.juli.logging.DirectJDKLog              ] : Initializing Spring DispatcherServlet 'dispatcherServlet'
2020-09-06 09:23:27 INFO  [org.springframework.web.servlet.FrameworkServlet  ] : Initializing Servlet 'dispatcherServlet'
2020-09-06 09:23:27 INFO  [org.springframework.web.servlet.FrameworkServlet  ] : Completed initialization in 11 ms
2020-09-06 09:23:49 INFO  [t.common.security.AjaxAuthenticationSuccessHandler] : 用户yjg登录成功，信息已保存至redis
2020-09-06 09:23:49 INFO  [org.apache.juli.logging.DirectJDKLog              ] : A cookie header was received [eyJhbGciOiJSUzI1NiJ9.eyJzdWIiOiJ5amciLCJpcCI6IjEyNy4wLjAuMSIsImV4cCI6MTU5OTM1NTcyN30.iWL-0vKF5y8rxGUgfAJ2jho2SJhTcFcoUT27PQ7zhVanEQ5X9W2p2I7De7xeQOzvPGrs7ENSqI5-rYpeB03PKCSx_wzpRq675iF3U_e45-hQqqUBe_zZgAQuodrSmgn0btIypPf6LW0-_q-vcAKHwlgIc3ZoGGVonfDsYWXbKpo] that contained an invalid cookie. That cookie will be ignored.
 Note: further occurrences of this error will be logged at DEBUG level.
2020-09-06 09:24:16 INFO  [.myjwt.common.filters.JwtAuthenticationTokenFilter] : eyJhbGciOiJSUzI1NiJ9.eyJzdWIiOiJ5amciLCJpcCI6IjEyNy4wLjAuMSIsImV4cCI6MTU5OTM1NTcyN30.iWL-0vKF5y8rxGUgfAJ2jho2SJhTcFcoUT27PQ7zhVanEQ5X9W2p2I7De7xeQOzvPGrs7ENSqI5-rYpeB03PKCSx_wzpRq675iF3U_e45-hQqqUBe_zZgAQuodrSmgn0btIypPf6LW0-_q-vcAKHwlgIc3ZoGGVonfDsYWXbKpo已作废，加入黑名单
2020-09-06 09:24:16 INFO  [.myjwt.common.filters.JwtAuthenticationTokenFilter] : redis已删除旧token：eyJhbGciOiJSUzI1NiJ9.eyJzdWIiOiJ5amciLCJpcCI6IjEyNy4wLjAuMSIsImV4cCI6MTU5OTM1NTcyN30.iWL-0vKF5y8rxGUgfAJ2jho2SJhTcFcoUT27PQ7zhVanEQ5X9W2p2I7De7xeQOzvPGrs7ENSqI5-rYpeB03PKCSx_wzpRq675iF3U_e45-hQqqUBe_zZgAQuodrSmgn0btIypPf6LW0-_q-vcAKHwlgIc3ZoGGVonfDsYWXbKpo,新token：eyJhbGciOiJSUzI1NiJ9.eyJzdWIiOiJ5amciLCJpcCI6IjEyNy4wLjAuMSIsImV4cCI6MTU5OTM1NTc1Nn0.nnpFK5BBsLK7qrW-xYo36y5CcggYRxceNmg5sidgTCInOHQTvsRCp8t2jV5Z6K9wvGbLtYAb9ecxSv32YjG_J1beh7Hl-hd4EKc5ouU95MCUbk6eaox15BsY_W0tMCnOjp9EsTD7lCGiVemoaC_ey4cxIApp-kZjaEoP24oO3HY已更新redis
2020-09-06 09:24:30 INFO  [.myjwt.common.filters.JwtAuthenticationTokenFilter] : 用户：yjg的token：eyJhbGciOiJSUzI1NiJ9.eyJzdWIiOiJ5amciLCJpcCI6IjEyNy4wLjAuMSIsImV4cCI6MTU5OTM1NTcyN30.iWL-0vKF5y8rxGUgfAJ2jho2SJhTcFcoUT27PQ7zhVanEQ5X9W2p2I7De7xeQOzvPGrs7ENSqI5-rYpeB03PKCSx_wzpRq675iF3U_e45-hQqqUBe_zZgAQuodrSmgn0btIypPf6LW0-_q-vcAKHwlgIc3ZoGGVonfDsYWXbKpo在黑名单之中，拒绝访问
2020-09-06 09:24:35 INFO  [.myjwt.common.filters.JwtAuthenticationTokenFilter] : 用户：yjg的token：eyJhbGciOiJSUzI1NiJ9.eyJzdWIiOiJ5amciLCJpcCI6IjEyNy4wLjAuMSIsImV4cCI6MTU5OTM1NTcyN30.iWL-0vKF5y8rxGUgfAJ2jho2SJhTcFcoUT27PQ7zhVanEQ5X9W2p2I7De7xeQOzvPGrs7ENSqI5-rYpeB03PKCSx_wzpRq675iF3U_e45-hQqqUBe_zZgAQuodrSmgn0btIypPf6LW0-_q-vcAKHwlgIc3ZoGGVonfDsYWXbKpo在黑名单之中，拒绝访问
2020-09-06 09:24:36 INFO  [.myjwt.common.filters.JwtAuthenticationTokenFilter] : 用户：yjg的token：eyJhbGciOiJSUzI1NiJ9.eyJzdWIiOiJ5amciLCJpcCI6IjEyNy4wLjAuMSIsImV4cCI6MTU5OTM1NTcyN30.iWL-0vKF5y8rxGUgfAJ2jho2SJhTcFcoUT27PQ7zhVanEQ5X9W2p2I7De7xeQOzvPGrs7ENSqI5-rYpeB03PKCSx_wzpRq675iF3U_e45-hQqqUBe_zZgAQuodrSmgn0btIypPf6LW0-_q-vcAKHwlgIc3ZoGGVonfDsYWXbKpo在黑名单之中，拒绝访问
2020-09-06 09:27:54 INFO  [scheduling.concurrent.ExecutorConfigurationSupport] : Shutting down ExecutorService 'applicationTaskExecutor'
2020-09-06 09:27:54 INFO  [com.alibaba.druid.pool.DruidDataSource            ] : {dataSource-1} closed
2020-09-06 09:28:02 INFO  [org.springframework.boot.StartupInfoLogger        ] : Starting MyJwtApplication on LAPTOP-V4F9FVFF with PID 20352 (E:\MyItem\my-jwt\target\classes started by 86166 in E:\MyItem)
2020-09-06 09:28:02 INFO  [org.springframework.boot.SpringApplication        ] : No active profile set, falling back to default profiles: default
2020-09-06 09:28:03 INFO  [.repository.config.RepositoryConfigurationDelegate] : Multiple Spring Data modules found, entering strict repository configuration mode!
2020-09-06 09:28:03 INFO  [.repository.config.RepositoryConfigurationDelegate] : Bootstrapping Spring Data Redis repositories in DEFAULT mode.
2020-09-06 09:28:03 INFO  [.repository.config.RepositoryConfigurationDelegate] : Finished Spring Data repository scanning in 22ms. Found 0 Redis repository interfaces.
2020-09-06 09:28:04 INFO  [framework.boot.web.embedded.tomcat.TomcatWebServer] : Tomcat initialized with port(s): 9090 (http)
2020-09-06 09:28:04 INFO  [org.apache.juli.logging.DirectJDKLog              ] : Initializing ProtocolHandler ["http-nio-9090"]
2020-09-06 09:28:04 INFO  [org.apache.juli.logging.DirectJDKLog              ] : Starting service [Tomcat]
2020-09-06 09:28:04 INFO  [org.apache.juli.logging.DirectJDKLog              ] : Starting Servlet engine: [Apache Tomcat/9.0.37]
2020-09-06 09:28:04 INFO  [org.apache.juli.logging.DirectJDKLog              ] : Initializing Spring embedded WebApplicationContext
2020-09-06 09:28:04 INFO  [servlet.context.ServletWebServerApplicationContext] : Root WebApplicationContext: initialization completed in 1767 ms
2020-09-06 09:28:04 INFO  [com.alibaba.druid.pool.DruidDataSource            ] : {dataSource-1} inited
2020-09-06 09:28:05 INFO  [scheduling.concurrent.ExecutorConfigurationSupport] : Initializing ExecutorService 'applicationTaskExecutor'
2020-09-06 09:28:06 INFO  [gframework.security.web.DefaultSecurityFilterChain] : Creating filter chain: any request, [org.springframework.security.web.context.request.async.WebAsyncManagerIntegrationFilter@645dc557, org.springframework.security.web.context.SecurityContextPersistenceFilter@3e151e1f, org.springframework.security.web.header.HeaderWriterFilter@49038f97, org.springframework.security.web.authentication.logout.LogoutFilter@70d3cdbf, com.alimather.myjwt.common.filters.JwtAuthenticationTokenFilter@61037caf, org.springframework.security.web.authentication.UsernamePasswordAuthenticationFilter@3a16984c, org.springframework.security.web.authentication.ui.DefaultLoginPageGeneratingFilter@4eeb14e0, org.springframework.security.web.authentication.ui.DefaultLogoutPageGeneratingFilter@48c5698, org.springframework.security.web.authentication.www.BasicAuthenticationFilter@26bb92e2, org.springframework.security.web.savedrequest.RequestCacheAwareFilter@5e98032e, org.springframework.security.web.servletapi.SecurityContextHolderAwareRequestFilter@516195cf, org.springframework.security.web.authentication.rememberme.RememberMeAuthenticationFilter@3db1ce78, org.springframework.security.web.authentication.AnonymousAuthenticationFilter@17884d, org.springframework.security.web.session.SessionManagementFilter@7ef41ca2, org.springframework.security.web.access.ExceptionTranslationFilter@117b2cc6, org.springframework.security.web.access.intercept.FilterSecurityInterceptor@677cc4e8]
2020-09-06 09:28:06 INFO  [org.apache.juli.logging.DirectJDKLog              ] : Starting ProtocolHandler ["http-nio-9090"]
2020-09-06 09:28:06 INFO  [framework.boot.web.embedded.tomcat.TomcatWebServer] : Tomcat started on port(s): 9090 (http) with context path ''
2020-09-06 09:28:06 INFO  [org.springframework.boot.StartupInfoLogger        ] : Started MyJwtApplication in 4.371 seconds (JVM running for 6.721)
2020-09-06 09:28:19 INFO  [org.apache.juli.logging.DirectJDKLog              ] : A cookie header was received [eyJhbGciOiJSUzI1NiJ9.eyJzdWIiOiJ5amciLCJpcCI6IjEyNy4wLjAuMSIsImV4cCI6MTU5OTM1NTcyN30.iWL-0vKF5y8rxGUgfAJ2jho2SJhTcFcoUT27PQ7zhVanEQ5X9W2p2I7De7xeQOzvPGrs7ENSqI5-rYpeB03PKCSx_wzpRq675iF3U_e45-hQqqUBe_zZgAQuodrSmgn0btIypPf6LW0-_q-vcAKHwlgIc3ZoGGVonfDsYWXbKpo] that contained an invalid cookie. That cookie will be ignored.
 Note: further occurrences of this error will be logged at DEBUG level.
2020-09-06 09:28:19 INFO  [org.apache.juli.logging.DirectJDKLog              ] : Initializing Spring DispatcherServlet 'dispatcherServlet'
2020-09-06 09:28:19 INFO  [org.springframework.web.servlet.FrameworkServlet  ] : Initializing Servlet 'dispatcherServlet'
2020-09-06 09:28:19 INFO  [org.springframework.web.servlet.FrameworkServlet  ] : Completed initialization in 9 ms
2020-09-06 09:28:41 INFO  [t.common.security.AjaxAuthenticationSuccessHandler] : 用户yjg登录成功，信息已保存至redis
2020-09-06 09:29:55 INFO  [.myjwt.common.filters.JwtAuthenticationTokenFilter] : eyJhbGciOiJSUzI1NiJ9.eyJzdWIiOiJ5amciLCJpcCI6IjEyNy4wLjAuMSIsImV4cCI6MTU5OTM1NjAxOX0.uBejRtWjAga_F0RiXQVdFcPQ2pRtxPEDpuu-6dINv2VO8Ei844dAwL0B_D21K9vodWu4XTzKzuLZvRQEStCcn_JESVmFSPtIsLpN7Plt-V4By_qSmHmX-oZ9HFnICES3vCCip_NrmKSaM8X0baBE9hdrECAXi_NMPvemlrPmXBA已作废，加入黑名单
2020-09-06 09:29:55 INFO  [.myjwt.common.filters.JwtAuthenticationTokenFilter] : redis已删除旧token：eyJhbGciOiJSUzI1NiJ9.eyJzdWIiOiJ5amciLCJpcCI6IjEyNy4wLjAuMSIsImV4cCI6MTU5OTM1NjAxOX0.uBejRtWjAga_F0RiXQVdFcPQ2pRtxPEDpuu-6dINv2VO8Ei844dAwL0B_D21K9vodWu4XTzKzuLZvRQEStCcn_JESVmFSPtIsLpN7Plt-V4By_qSmHmX-oZ9HFnICES3vCCip_NrmKSaM8X0baBE9hdrECAXi_NMPvemlrPmXBA,新token：eyJhbGciOiJSUzI1NiJ9.eyJzdWIiOiJ5amciLCJpcCI6IjEyNy4wLjAuMSIsImV4cCI6MTU5OTM1NjA5NX0.bfYUDt0ZfKopEHOrE3WjuenXSCAfvSlzTJ1RvOBulQgUhsCwwLig_RMBDkJRX2X559k_3N-usaQo3yBIGjV7jw1j3S8_x9LO1xoAJEsbhzZXXlYKntWxfRgTnhV9d5W6vVp798EID4yZcPxOJxoxnUMyVkT2ZNl8NnGVAlrtwUc已更新redis
2020-09-06 09:29:58 INFO  [.myjwt.common.filters.JwtAuthenticationTokenFilter] : 用户：yjg的token：eyJhbGciOiJSUzI1NiJ9.eyJzdWIiOiJ5amciLCJpcCI6IjEyNy4wLjAuMSIsImV4cCI6MTU5OTM1NjAxOX0.uBejRtWjAga_F0RiXQVdFcPQ2pRtxPEDpuu-6dINv2VO8Ei844dAwL0B_D21K9vodWu4XTzKzuLZvRQEStCcn_JESVmFSPtIsLpN7Plt-V4By_qSmHmX-oZ9HFnICES3vCCip_NrmKSaM8X0baBE9hdrECAXi_NMPvemlrPmXBA在黑名单之中，拒绝访问
2020-09-06 09:30:21 INFO  [scheduling.concurrent.ExecutorConfigurationSupport] : Shutting down ExecutorService 'applicationTaskExecutor'
2020-09-06 09:30:21 INFO  [com.alibaba.druid.pool.DruidDataSource            ] : {dataSource-1} closed
2020-09-06 09:30:29 INFO  [org.springframework.boot.StartupInfoLogger        ] : Starting MyJwtApplication on LAPTOP-V4F9FVFF with PID 10328 (E:\MyItem\my-jwt\target\classes started by 86166 in E:\MyItem)
2020-09-06 09:30:29 INFO  [org.springframework.boot.SpringApplication        ] : No active profile set, falling back to default profiles: default
2020-09-06 09:30:30 INFO  [.repository.config.RepositoryConfigurationDelegate] : Multiple Spring Data modules found, entering strict repository configuration mode!
2020-09-06 09:30:30 INFO  [.repository.config.RepositoryConfigurationDelegate] : Bootstrapping Spring Data Redis repositories in DEFAULT mode.
2020-09-06 09:30:30 INFO  [.repository.config.RepositoryConfigurationDelegate] : Finished Spring Data repository scanning in 25ms. Found 0 Redis repository interfaces.
2020-09-06 09:30:31 INFO  [framework.boot.web.embedded.tomcat.TomcatWebServer] : Tomcat initialized with port(s): 9090 (http)
2020-09-06 09:30:31 INFO  [org.apache.juli.logging.DirectJDKLog              ] : Initializing ProtocolHandler ["http-nio-9090"]
2020-09-06 09:30:31 INFO  [org.apache.juli.logging.DirectJDKLog              ] : Starting service [Tomcat]
2020-09-06 09:30:31 INFO  [org.apache.juli.logging.DirectJDKLog              ] : Starting Servlet engine: [Apache Tomcat/9.0.37]
2020-09-06 09:30:31 INFO  [org.apache.juli.logging.DirectJDKLog              ] : Initializing Spring embedded WebApplicationContext
2020-09-06 09:30:31 INFO  [servlet.context.ServletWebServerApplicationContext] : Root WebApplicationContext: initialization completed in 1699 ms
2020-09-06 09:30:31 INFO  [com.alibaba.druid.pool.DruidDataSource            ] : {dataSource-1} inited
2020-09-06 09:30:32 INFO  [scheduling.concurrent.ExecutorConfigurationSupport] : Initializing ExecutorService 'applicationTaskExecutor'
2020-09-06 09:30:33 INFO  [gframework.security.web.DefaultSecurityFilterChain] : Creating filter chain: any request, [org.springframework.security.web.context.request.async.WebAsyncManagerIntegrationFilter@506aa618, org.springframework.security.web.context.SecurityContextPersistenceFilter@64fdcf99, org.springframework.security.web.header.HeaderWriterFilter@2ab9e43e, org.springframework.security.web.authentication.logout.LogoutFilter@6658f08a, com.alimather.myjwt.common.filters.JwtAuthenticationTokenFilter@20440c6c, org.springframework.security.web.authentication.UsernamePasswordAuthenticationFilter@6d815fb7, org.springframework.security.web.authentication.ui.DefaultLoginPageGeneratingFilter@3375b118, org.springframework.security.web.authentication.ui.DefaultLogoutPageGeneratingFilter@4b6b5352, org.springframework.security.web.authentication.www.BasicAuthenticationFilter@5da57a64, org.springframework.security.web.savedrequest.RequestCacheAwareFilter@63f2e0b, org.springframework.security.web.servletapi.SecurityContextHolderAwareRequestFilter@14b95942, org.springframework.security.web.authentication.rememberme.RememberMeAuthenticationFilter@376af784, org.springframework.security.web.authentication.AnonymousAuthenticationFilter@1d6713dd, org.springframework.security.web.session.SessionManagementFilter@4fd80300, org.springframework.security.web.access.ExceptionTranslationFilter@3eac2e8a, org.springframework.security.web.access.intercept.FilterSecurityInterceptor@605c7a9e]
2020-09-06 09:30:33 INFO  [org.apache.juli.logging.DirectJDKLog              ] : Starting ProtocolHandler ["http-nio-9090"]
2020-09-06 09:30:33 INFO  [framework.boot.web.embedded.tomcat.TomcatWebServer] : Tomcat started on port(s): 9090 (http) with context path ''
2020-09-06 09:30:33 INFO  [org.springframework.boot.StartupInfoLogger        ] : Started MyJwtApplication in 4.011 seconds (JVM running for 6.204)
2020-09-06 09:30:45 INFO  [org.apache.juli.logging.DirectJDKLog              ] : A cookie header was received [eyJhbGciOiJSUzI1NiJ9.eyJzdWIiOiJ5amciLCJpcCI6IjEyNy4wLjAuMSIsImV4cCI6MTU5OTM1NjAxOX0.uBejRtWjAga_F0RiXQVdFcPQ2pRtxPEDpuu-6dINv2VO8Ei844dAwL0B_D21K9vodWu4XTzKzuLZvRQEStCcn_JESVmFSPtIsLpN7Plt-V4By_qSmHmX-oZ9HFnICES3vCCip_NrmKSaM8X0baBE9hdrECAXi_NMPvemlrPmXBA] that contained an invalid cookie. That cookie will be ignored.
 Note: further occurrences of this error will be logged at DEBUG level.
2020-09-06 09:30:45 INFO  [org.apache.juli.logging.DirectJDKLog              ] : Initializing Spring DispatcherServlet 'dispatcherServlet'
2020-09-06 09:30:45 INFO  [org.springframework.web.servlet.FrameworkServlet  ] : Initializing Servlet 'dispatcherServlet'
2020-09-06 09:30:45 INFO  [org.springframework.web.servlet.FrameworkServlet  ] : Completed initialization in 7 ms
2020-09-06 09:31:08 INFO  [t.common.security.AjaxAuthenticationSuccessHandler] : 用户yjg登录成功，信息已保存至redis
2020-09-06 09:31:26 INFO  [.myjwt.common.filters.JwtAuthenticationTokenFilter] : eyJhbGciOiJSUzI1NiJ9.eyJzdWIiOiJ5amciLCJpcCI6IjEyNy4wLjAuMSIsImV4cCI6MTU5OTM1NjE2Nn0.gUu82kg-rI8bVU30eBLeN1H6iTBIdMGMA6gVsqaKXSji_6TiLx-Hgg0K3WCUrFbJOcjWMNyfMdMVCbZY4qJCcSGxWoqK7ApCDLKpgaWaDhlbmbbx9CCXQkPc1Jle0vE4Y46IrBarA0NRF47_iuxKfsVpfBuMuoJwZsp7zjMNBNM已作废，加入黑名单
2020-09-06 09:31:26 INFO  [.myjwt.common.filters.JwtAuthenticationTokenFilter] : redis已删除旧token：eyJhbGciOiJSUzI1NiJ9.eyJzdWIiOiJ5amciLCJpcCI6IjEyNy4wLjAuMSIsImV4cCI6MTU5OTM1NjE2Nn0.gUu82kg-rI8bVU30eBLeN1H6iTBIdMGMA6gVsqaKXSji_6TiLx-Hgg0K3WCUrFbJOcjWMNyfMdMVCbZY4qJCcSGxWoqK7ApCDLKpgaWaDhlbmbbx9CCXQkPc1Jle0vE4Y46IrBarA0NRF47_iuxKfsVpfBuMuoJwZsp7zjMNBNM,新token：eyJhbGciOiJSUzI1NiJ9.eyJzdWIiOiJ5amciLCJpcCI6IjEyNy4wLjAuMSIsImV4cCI6MTU5OTM1NjE4Nn0.Hq938_wrxC6xD0IJYA_AVxaHSHFiS6HHalux85panEN4lTWYOxGlrg7UbmZpTGUA4GOxxBIf1nmlV0qlUjQkprTB4cG3RiqNhudahcISWyKo4HqQxk-yResd4t_H2N2CrF0e3fc7t8fETesHdv68-EgzqIPXqoGaF-4DXSNsNtI已更新redis
2020-09-06 09:36:12 INFO  [.myjwt.common.filters.JwtAuthenticationTokenFilter] : 用户：null的token：eyJhbGciOiJSUzI1NiJ9.eyJzdWIiOiJ5amciLCJpcCI6IjEyNy4wLjAuMSIsImV4cCI6MTU5OTM1NjE2Nn0.gUu82kg-rI8bVU30eBLeN1H6iTBIdMGMA6gVsqaKXSji_6TiLx-Hgg0K3WCUrFbJOcjWMNyfMdMVCbZY4qJCcSGxWoqK7ApCDLKpgaWaDhlbmbbx9CCXQkPc1Jle0vE4Y46IrBarA0NRF47_iuxKfsVpfBuMuoJwZsp7zjMNBNM在黑名单之中，拒绝访问
2020-09-06 09:36:26 INFO  [scheduling.concurrent.ExecutorConfigurationSupport] : Shutting down ExecutorService 'applicationTaskExecutor'
2020-09-06 09:36:27 INFO  [com.alibaba.druid.pool.DruidDataSource            ] : {dataSource-1} closed
2020-09-06 09:36:34 INFO  [org.springframework.boot.StartupInfoLogger        ] : Starting MyJwtApplication on LAPTOP-V4F9FVFF with PID 10788 (E:\MyItem\my-jwt\target\classes started by 86166 in E:\MyItem)
2020-09-06 09:36:34 INFO  [org.springframework.boot.SpringApplication        ] : No active profile set, falling back to default profiles: default
2020-09-06 09:36:35 INFO  [.repository.config.RepositoryConfigurationDelegate] : Multiple Spring Data modules found, entering strict repository configuration mode!
2020-09-06 09:36:35 INFO  [.repository.config.RepositoryConfigurationDelegate] : Bootstrapping Spring Data Redis repositories in DEFAULT mode.
2020-09-06 09:36:35 INFO  [.repository.config.RepositoryConfigurationDelegate] : Finished Spring Data repository scanning in 21ms. Found 0 Redis repository interfaces.
2020-09-06 09:36:36 INFO  [framework.boot.web.embedded.tomcat.TomcatWebServer] : Tomcat initialized with port(s): 9090 (http)
2020-09-06 09:36:36 INFO  [org.apache.juli.logging.DirectJDKLog              ] : Initializing ProtocolHandler ["http-nio-9090"]
2020-09-06 09:36:36 INFO  [org.apache.juli.logging.DirectJDKLog              ] : Starting service [Tomcat]
2020-09-06 09:36:36 INFO  [org.apache.juli.logging.DirectJDKLog              ] : Starting Servlet engine: [Apache Tomcat/9.0.37]
2020-09-06 09:36:36 INFO  [org.apache.juli.logging.DirectJDKLog              ] : Initializing Spring embedded WebApplicationContext
2020-09-06 09:36:36 INFO  [servlet.context.ServletWebServerApplicationContext] : Root WebApplicationContext: initialization completed in 1755 ms
2020-09-06 09:36:36 INFO  [com.alibaba.druid.pool.DruidDataSource            ] : {dataSource-1} inited
2020-09-06 09:36:38 INFO  [scheduling.concurrent.ExecutorConfigurationSupport] : Initializing ExecutorService 'applicationTaskExecutor'
2020-09-06 09:36:38 INFO  [gframework.security.web.DefaultSecurityFilterChain] : Creating filter chain: any request, [org.springframework.security.web.context.request.async.WebAsyncManagerIntegrationFilter@6eeb29c0, org.springframework.security.web.context.SecurityContextPersistenceFilter@2fb082ff, org.springframework.security.web.header.HeaderWriterFilter@66f2ec1c, org.springframework.security.web.authentication.logout.LogoutFilter@1b8fa2fa, com.alimather.myjwt.common.filters.JwtAuthenticationTokenFilter@357f6391, org.springframework.security.web.authentication.UsernamePasswordAuthenticationFilter@5835e24a, org.springframework.security.web.authentication.ui.DefaultLoginPageGeneratingFilter@2e2b9f53, org.springframework.security.web.authentication.ui.DefaultLogoutPageGeneratingFilter@1d3d76b4, org.springframework.security.web.authentication.www.BasicAuthenticationFilter@54463380, org.springframework.security.web.savedrequest.RequestCacheAwareFilter@668a32a4, org.springframework.security.web.servletapi.SecurityContextHolderAwareRequestFilter@79d63a4f, org.springframework.security.web.authentication.rememberme.RememberMeAuthenticationFilter@5238896f, org.springframework.security.web.authentication.AnonymousAuthenticationFilter@6f986501, org.springframework.security.web.session.SessionManagementFilter@12e5d3e1, org.springframework.security.web.access.ExceptionTranslationFilter@41bb1f09, org.springframework.security.web.access.intercept.FilterSecurityInterceptor@2712e8f4]
2020-09-06 09:36:38 INFO  [org.apache.juli.logging.DirectJDKLog              ] : Starting ProtocolHandler ["http-nio-9090"]
2020-09-06 09:36:38 INFO  [framework.boot.web.embedded.tomcat.TomcatWebServer] : Tomcat started on port(s): 9090 (http) with context path ''
2020-09-06 09:36:38 INFO  [org.springframework.boot.StartupInfoLogger        ] : Started MyJwtApplication in 4.487 seconds (JVM running for 6.631)
2020-09-06 09:36:46 INFO  [org.apache.juli.logging.DirectJDKLog              ] : A cookie header was received [eyJhbGciOiJSUzI1NiJ9.eyJzdWIiOiJ5amciLCJpcCI6IjEyNy4wLjAuMSIsImV4cCI6MTU5OTM1NjE2Nn0.gUu82kg-rI8bVU30eBLeN1H6iTBIdMGMA6gVsqaKXSji_6TiLx-Hgg0K3WCUrFbJOcjWMNyfMdMVCbZY4qJCcSGxWoqK7ApCDLKpgaWaDhlbmbbx9CCXQkPc1Jle0vE4Y46IrBarA0NRF47_iuxKfsVpfBuMuoJwZsp7zjMNBNM] that contained an invalid cookie. That cookie will be ignored.
 Note: further occurrences of this error will be logged at DEBUG level.
2020-09-06 09:36:46 INFO  [org.apache.juli.logging.DirectJDKLog              ] : Initializing Spring DispatcherServlet 'dispatcherServlet'
2020-09-06 09:36:46 INFO  [org.springframework.web.servlet.FrameworkServlet  ] : Initializing Servlet 'dispatcherServlet'
2020-09-06 09:36:46 INFO  [org.springframework.web.servlet.FrameworkServlet  ] : Completed initialization in 9 ms
2020-09-06 09:37:28 INFO  [scheduling.concurrent.ExecutorConfigurationSupport] : Shutting down ExecutorService 'applicationTaskExecutor'
2020-09-06 09:37:28 INFO  [com.alibaba.druid.pool.DruidDataSource            ] : {dataSource-1} closed
2020-09-06 09:37:36 INFO  [org.springframework.boot.StartupInfoLogger        ] : Starting MyJwtApplication on LAPTOP-V4F9FVFF with PID 7156 (E:\MyItem\my-jwt\target\classes started by 86166 in E:\MyItem)
2020-09-06 09:37:36 INFO  [org.springframework.boot.SpringApplication        ] : No active profile set, falling back to default profiles: default
2020-09-06 09:37:37 INFO  [.repository.config.RepositoryConfigurationDelegate] : Multiple Spring Data modules found, entering strict repository configuration mode!
2020-09-06 09:37:37 INFO  [.repository.config.RepositoryConfigurationDelegate] : Bootstrapping Spring Data Redis repositories in DEFAULT mode.
2020-09-06 09:37:37 INFO  [.repository.config.RepositoryConfigurationDelegate] : Finished Spring Data repository scanning in 25ms. Found 0 Redis repository interfaces.
2020-09-06 09:37:38 INFO  [framework.boot.web.embedded.tomcat.TomcatWebServer] : Tomcat initialized with port(s): 9090 (http)
2020-09-06 09:37:38 INFO  [org.apache.juli.logging.DirectJDKLog              ] : Initializing ProtocolHandler ["http-nio-9090"]
2020-09-06 09:37:38 INFO  [org.apache.juli.logging.DirectJDKLog              ] : Starting service [Tomcat]
2020-09-06 09:37:38 INFO  [org.apache.juli.logging.DirectJDKLog              ] : Starting Servlet engine: [Apache Tomcat/9.0.37]
2020-09-06 09:37:38 INFO  [org.apache.juli.logging.DirectJDKLog              ] : Initializing Spring embedded WebApplicationContext
2020-09-06 09:37:38 INFO  [servlet.context.ServletWebServerApplicationContext] : Root WebApplicationContext: initialization completed in 2014 ms
2020-09-06 09:37:38 INFO  [com.alibaba.druid.pool.DruidDataSource            ] : {dataSource-1} inited
2020-09-06 09:37:39 INFO  [scheduling.concurrent.ExecutorConfigurationSupport] : Initializing ExecutorService 'applicationTaskExecutor'
2020-09-06 09:37:40 INFO  [gframework.security.web.DefaultSecurityFilterChain] : Creating filter chain: any request, [org.springframework.security.web.context.request.async.WebAsyncManagerIntegrationFilter@45b96e4c, org.springframework.security.web.context.SecurityContextPersistenceFilter@10dfa7ef, org.springframework.security.web.header.HeaderWriterFilter@7d88fa9c, org.springframework.security.web.authentication.logout.LogoutFilter@47f2c722, com.alimather.myjwt.common.filters.JwtAuthenticationTokenFilter@6e9a0bea, org.springframework.security.web.authentication.UsernamePasswordAuthenticationFilter@d16209e, org.springframework.security.web.authentication.ui.DefaultLoginPageGeneratingFilter@56ec6960, org.springframework.security.web.authentication.ui.DefaultLogoutPageGeneratingFilter@8383a14, org.springframework.security.web.authentication.www.BasicAuthenticationFilter@4438b862, org.springframework.security.web.savedrequest.RequestCacheAwareFilter@1805383, org.springframework.security.web.servletapi.SecurityContextHolderAwareRequestFilter@ce561cc, org.springframework.security.web.authentication.rememberme.RememberMeAuthenticationFilter@2e29f28e, org.springframework.security.web.authentication.AnonymousAuthenticationFilter@4b691611, org.springframework.security.web.session.SessionManagementFilter@352f6727, org.springframework.security.web.access.ExceptionTranslationFilter@4239262e, org.springframework.security.web.access.intercept.FilterSecurityInterceptor@9f9146d]
2020-09-06 09:37:40 INFO  [org.apache.juli.logging.DirectJDKLog              ] : Starting ProtocolHandler ["http-nio-9090"]
2020-09-06 09:37:40 INFO  [framework.boot.web.embedded.tomcat.TomcatWebServer] : Tomcat started on port(s): 9090 (http) with context path ''
2020-09-06 09:37:40 INFO  [org.springframework.boot.StartupInfoLogger        ] : Started MyJwtApplication in 4.682 seconds (JVM running for 7.168)
2020-09-06 09:37:49 INFO  [org.apache.juli.logging.DirectJDKLog              ] : A cookie header was received [eyJhbGciOiJSUzI1NiJ9.eyJzdWIiOiJ5amciLCJpcCI6IjEyNy4wLjAuMSIsImV4cCI6MTU5OTM1NjE2Nn0.gUu82kg-rI8bVU30eBLeN1H6iTBIdMGMA6gVsqaKXSji_6TiLx-Hgg0K3WCUrFbJOcjWMNyfMdMVCbZY4qJCcSGxWoqK7ApCDLKpgaWaDhlbmbbx9CCXQkPc1Jle0vE4Y46IrBarA0NRF47_iuxKfsVpfBuMuoJwZsp7zjMNBNM] that contained an invalid cookie. That cookie will be ignored.
 Note: further occurrences of this error will be logged at DEBUG level.
2020-09-06 09:37:49 INFO  [org.apache.juli.logging.DirectJDKLog              ] : Initializing Spring DispatcherServlet 'dispatcherServlet'
2020-09-06 09:37:49 INFO  [org.springframework.web.servlet.FrameworkServlet  ] : Initializing Servlet 'dispatcherServlet'
2020-09-06 09:37:49 INFO  [org.springframework.web.servlet.FrameworkServlet  ] : Completed initialization in 8 ms
2020-09-06 09:38:11 INFO  [t.common.security.AjaxAuthenticationSuccessHandler] : 用户yjg登录成功，信息已保存至redis
2020-09-06 09:40:05 INFO  [t.common.security.AjaxAuthenticationSuccessHandler] : 用户yjg登录成功，信息已保存至redis
2020-09-06 09:41:13 INFO  [t.common.security.AjaxAuthenticationSuccessHandler] : 用户yjg登录成功，信息已保存至redis
2020-09-06 09:46:48 INFO  [t.common.security.AjaxAuthenticationSuccessHandler] : 用户yjg登录成功，信息已保存至redis
2020-09-06 09:47:17 INFO  [.myjwt.common.filters.JwtAuthenticationTokenFilter] : eyJhbGciOiJSUzI1NiJ9.eyJzdWIiOiJ5amciLCJpcCI6IjEyNy4wLjAuMSIsImV4cCI6MTU5OTM1NzEwOH0.oXQXCorhLLkcdAnJ31wpf-LoO4WaOG6KdJM7wLIpGJKiIfLpSDBTHf5Khffhu6qLddrHmqGf8Yj7ihkYN62Zj7U55GLzL9S1VOYFfEzuHAE-GMGg1tij6Y5R_Nt8onXCB3FqtQM3FHfizYHmtjkfIqgbnfbSJa67izz5lpx5vKs已作废，加入黑名单
2020-09-06 09:47:17 INFO  [.myjwt.common.filters.JwtAuthenticationTokenFilter] : redis已删除旧token：eyJhbGciOiJSUzI1NiJ9.eyJzdWIiOiJ5amciLCJpcCI6IjEyNy4wLjAuMSIsImV4cCI6MTU5OTM1NzEwOH0.oXQXCorhLLkcdAnJ31wpf-LoO4WaOG6KdJM7wLIpGJKiIfLpSDBTHf5Khffhu6qLddrHmqGf8Yj7ihkYN62Zj7U55GLzL9S1VOYFfEzuHAE-GMGg1tij6Y5R_Nt8onXCB3FqtQM3FHfizYHmtjkfIqgbnfbSJa67izz5lpx5vKs,新token：eyJhbGciOiJSUzI1NiJ9.eyJzdWIiOiJ5amciLCJpcCI6IjEyNy4wLjAuMSIsImV4cCI6MTU5OTM1NzEzN30.J5eTzV44YuapjxW0oWXcrcHFoeXRgi90vUwcySujcBf66TH62_GZWnTvp3N46ZTkzVR0HuxddFvOA_SBqSnvwPxQQO0kBs8AxFWRYuTwfoa14AuD9kMfWhsmGZ-CWDlsMEm1smE8VIvWb2TLpnBKYsjKxmCEx19JD3nPfT7f3VA已更新redis
2020-09-06 09:47:22 INFO  [.myjwt.common.filters.JwtAuthenticationTokenFilter] : 用户：yjg的token：eyJhbGciOiJSUzI1NiJ9.eyJzdWIiOiJ5amciLCJpcCI6IjEyNy4wLjAuMSIsImV4cCI6MTU5OTM1NzEwOH0.oXQXCorhLLkcdAnJ31wpf-LoO4WaOG6KdJM7wLIpGJKiIfLpSDBTHf5Khffhu6qLddrHmqGf8Yj7ihkYN62Zj7U55GLzL9S1VOYFfEzuHAE-GMGg1tij6Y5R_Nt8onXCB3FqtQM3FHfizYHmtjkfIqgbnfbSJa67izz5lpx5vKs在黑名单之中，拒绝访问
2020-09-06 10:12:55 INFO  [scheduling.concurrent.ExecutorConfigurationSupport] : Shutting down ExecutorService 'applicationTaskExecutor'
2020-09-06 10:12:55 INFO  [com.alibaba.druid.pool.DruidDataSource            ] : {dataSource-1} closed
2020-09-06 10:13:04 INFO  [org.springframework.boot.StartupInfoLogger        ] : Starting MyJwtApplication on LAPTOP-V4F9FVFF with PID 17492 (E:\MyItem\my-jwt\target\classes started by 86166 in E:\MyItem)
2020-09-06 10:13:04 INFO  [org.springframework.boot.SpringApplication        ] : No active profile set, falling back to default profiles: default
2020-09-06 10:13:05 INFO  [.repository.config.RepositoryConfigurationDelegate] : Multiple Spring Data modules found, entering strict repository configuration mode!
2020-09-06 10:13:05 INFO  [.repository.config.RepositoryConfigurationDelegate] : Bootstrapping Spring Data Redis repositories in DEFAULT mode.
2020-09-06 10:13:05 INFO  [.repository.config.RepositoryConfigurationDelegate] : Finished Spring Data repository scanning in 23ms. Found 0 Redis repository interfaces.
2020-09-06 10:13:06 INFO  [framework.boot.web.embedded.tomcat.TomcatWebServer] : Tomcat initialized with port(s): 9090 (http)
2020-09-06 10:13:06 INFO  [org.apache.juli.logging.DirectJDKLog              ] : Initializing ProtocolHandler ["http-nio-9090"]
2020-09-06 10:13:06 INFO  [org.apache.juli.logging.DirectJDKLog              ] : Starting service [Tomcat]
2020-09-06 10:13:06 INFO  [org.apache.juli.logging.DirectJDKLog              ] : Starting Servlet engine: [Apache Tomcat/9.0.37]
2020-09-06 10:13:06 INFO  [org.apache.juli.logging.DirectJDKLog              ] : Initializing Spring embedded WebApplicationContext
2020-09-06 10:13:06 INFO  [servlet.context.ServletWebServerApplicationContext] : Root WebApplicationContext: initialization completed in 1924 ms
2020-09-06 10:13:07 INFO  [com.alibaba.druid.pool.DruidDataSource            ] : {dataSource-1} inited
2020-09-06 10:13:08 INFO  [scheduling.concurrent.ExecutorConfigurationSupport] : Initializing ExecutorService 'applicationTaskExecutor'
2020-09-06 10:13:08 INFO  [gframework.security.web.DefaultSecurityFilterChain] : Creating filter chain: any request, [org.springframework.security.web.context.request.async.WebAsyncManagerIntegrationFilter@7ab33ca8, org.springframework.security.web.context.SecurityContextPersistenceFilter@4c5f7b4f, org.springframework.security.web.header.HeaderWriterFilter@31c7c281, org.springframework.security.web.authentication.logout.LogoutFilter@20820df0, com.alimather.myjwt.common.filters.JwtAuthenticationTokenFilter@299b9851, org.springframework.security.web.authentication.UsernamePasswordAuthenticationFilter@26a45089, org.springframework.security.web.authentication.ui.DefaultLoginPageGeneratingFilter@1d4cc7, org.springframework.security.web.authentication.ui.DefaultLogoutPageGeneratingFilter@704d3b00, org.springframework.security.web.authentication.www.BasicAuthenticationFilter@6fde6f05, org.springframework.security.web.savedrequest.RequestCacheAwareFilter@4b544732, org.springframework.security.web.servletapi.SecurityContextHolderAwareRequestFilter@3b4bd341, org.springframework.security.web.authentication.rememberme.RememberMeAuthenticationFilter@75ed7512, org.springframework.security.web.authentication.AnonymousAuthenticationFilter@21e484b, org.springframework.security.web.session.SessionManagementFilter@31f31b20, org.springframework.security.web.access.ExceptionTranslationFilter@1182d1df, org.springframework.security.web.access.intercept.FilterSecurityInterceptor@5fd18419]
2020-09-06 10:13:08 INFO  [org.apache.juli.logging.DirectJDKLog              ] : Starting ProtocolHandler ["http-nio-9090"]
2020-09-06 10:13:08 INFO  [framework.boot.web.embedded.tomcat.TomcatWebServer] : Tomcat started on port(s): 9090 (http) with context path ''
2020-09-06 10:13:08 INFO  [org.springframework.boot.StartupInfoLogger        ] : Started MyJwtApplication in 4.637 seconds (JVM running for 7.097)
2020-09-06 10:13:32 INFO  [org.apache.juli.logging.DirectJDKLog              ] : A cookie header was received [eyJhbGciOiJSUzI1NiJ9.eyJzdWIiOiJ5amciLCJpcCI6IjEyNy4wLjAuMSIsImV4cCI6MTU5OTM1NzEwOH0.oXQXCorhLLkcdAnJ31wpf-LoO4WaOG6KdJM7wLIpGJKiIfLpSDBTHf5Khffhu6qLddrHmqGf8Yj7ihkYN62Zj7U55GLzL9S1VOYFfEzuHAE-GMGg1tij6Y5R_Nt8onXCB3FqtQM3FHfizYHmtjkfIqgbnfbSJa67izz5lpx5vKs] that contained an invalid cookie. That cookie will be ignored.
 Note: further occurrences of this error will be logged at DEBUG level.
2020-09-06 10:13:32 INFO  [org.apache.juli.logging.DirectJDKLog              ] : Initializing Spring DispatcherServlet 'dispatcherServlet'
2020-09-06 10:13:32 INFO  [org.springframework.web.servlet.FrameworkServlet  ] : Initializing Servlet 'dispatcherServlet'
2020-09-06 10:13:32 INFO  [org.springframework.web.servlet.FrameworkServlet  ] : Completed initialization in 6 ms
2020-09-06 10:13:54 INFO  [t.common.security.AjaxAuthenticationSuccessHandler] : 用户yjg登录成功，信息已保存至redis
2020-09-06 10:14:12 INFO  [t.common.security.AjaxAuthenticationSuccessHandler] : 用户yjg登录成功，信息已保存至redis
2020-09-06 10:14:43 INFO  [t.common.security.AjaxAuthenticationSuccessHandler] : 用户yjg登录成功，信息已保存至redis
2020-09-06 10:17:18 INFO  [t.common.security.AjaxAuthenticationSuccessHandler] : 用户yjg登录成功，信息已保存至redis
2020-09-06 10:19:41 INFO  [t.common.security.AjaxAuthenticationSuccessHandler] : 用户yjg登录成功，信息已保存至redis
2020-09-06 10:19:53 INFO  [t.common.security.AjaxAuthenticationSuccessHandler] : 用户yjg登录成功，信息已保存至redis
2020-09-06 10:27:28 INFO  [t.common.security.AjaxAuthenticationSuccessHandler] : 用户yjg登录成功，信息已保存至redis
2020-09-06 10:27:58 INFO  [t.common.security.AjaxAuthenticationSuccessHandler] : 用户yjg登录成功，信息已保存至redis
2020-09-06 10:28:15 INFO  [t.common.security.AjaxAuthenticationSuccessHandler] : 用户yjg登录成功，信息已保存至redis
2020-09-06 10:29:18 INFO  [.myjwt.common.filters.JwtAuthenticationTokenFilter] : eyJhbGciOiJSUzI1NiJ9.eyJzdWIiOiJ5amciLCJpcCI6IjEyNy4wLjAuMSIsImV4cCI6MTU5OTM1OTU5NX0.NnOVtXkNQVKPTXhKy7_Yn02Dp6FpobrSocy91NFgG1IiBbkUMYJcIp5loKKJXHiqVpW4ZECmni46YNQYtlFC4k4KLewekpyPP8r_4LJmCFcdImgiJagujiUkI3pDr2gD08xpuOwfCymoYL_htW2sqy6qVZIJHezABq1S0LvPU1E已作废，加入黑名单
2020-09-06 10:29:18 INFO  [.myjwt.common.filters.JwtAuthenticationTokenFilter] : redis已删除旧token：eyJhbGciOiJSUzI1NiJ9.eyJzdWIiOiJ5amciLCJpcCI6IjEyNy4wLjAuMSIsImV4cCI6MTU5OTM1OTU5NX0.NnOVtXkNQVKPTXhKy7_Yn02Dp6FpobrSocy91NFgG1IiBbkUMYJcIp5loKKJXHiqVpW4ZECmni46YNQYtlFC4k4KLewekpyPP8r_4LJmCFcdImgiJagujiUkI3pDr2gD08xpuOwfCymoYL_htW2sqy6qVZIJHezABq1S0LvPU1E,新token：eyJhbGciOiJSUzI1NiJ9.eyJzdWIiOiJ5amciLCJpcCI6IjEyNy4wLjAuMSIsImV4cCI6MTU5OTM1OTY1OH0.ARdzlnXwtpCgtZjzhaON0mm7Aw08oqzhpesq6KxdV0aj0Vaj4S-eqFe11do_PCi4utZC6nIebB3Y98bCvkCBGQDFrvCPz2JpGku3uTs53YbAMR9jeqLcsZL9RgtZwInU4IANiDMT634zWb4IlzoKvNkjmJ2U3F1VLQ-9B47G4Xw已更新redis
2020-09-06 10:29:22 INFO  [.myjwt.common.filters.JwtAuthenticationTokenFilter] : 用户：yjg的token：eyJhbGciOiJSUzI1NiJ9.eyJzdWIiOiJ5amciLCJpcCI6IjEyNy4wLjAuMSIsImV4cCI6MTU5OTM1OTU5NX0.NnOVtXkNQVKPTXhKy7_Yn02Dp6FpobrSocy91NFgG1IiBbkUMYJcIp5loKKJXHiqVpW4ZECmni46YNQYtlFC4k4KLewekpyPP8r_4LJmCFcdImgiJagujiUkI3pDr2gD08xpuOwfCymoYL_htW2sqy6qVZIJHezABq1S0LvPU1E在黑名单之中，拒绝访问
2020-09-06 10:31:15 INFO  [scheduling.concurrent.ExecutorConfigurationSupport] : Shutting down ExecutorService 'applicationTaskExecutor'
2020-09-06 10:31:16 INFO  [com.alibaba.druid.pool.DruidDataSource            ] : {dataSource-1} closed
2020-09-06 10:31:24 INFO  [org.springframework.boot.StartupInfoLogger        ] : Starting MyJwtApplication on LAPTOP-V4F9FVFF with PID 17348 (E:\MyItem\my-jwt\target\classes started by 86166 in E:\MyItem)
2020-09-06 10:31:25 INFO  [org.springframework.boot.SpringApplication        ] : No active profile set, falling back to default profiles: default
2020-09-06 10:31:26 INFO  [.repository.config.RepositoryConfigurationDelegate] : Multiple Spring Data modules found, entering strict repository configuration mode!
2020-09-06 10:31:26 INFO  [.repository.config.RepositoryConfigurationDelegate] : Bootstrapping Spring Data Redis repositories in DEFAULT mode.
2020-09-06 10:31:26 INFO  [.repository.config.RepositoryConfigurationDelegate] : Finished Spring Data repository scanning in 29ms. Found 0 Redis repository interfaces.
2020-09-06 10:31:26 INFO  [framework.boot.web.embedded.tomcat.TomcatWebServer] : Tomcat initialized with port(s): 9090 (http)
2020-09-06 10:31:27 INFO  [org.apache.juli.logging.DirectJDKLog              ] : Initializing ProtocolHandler ["http-nio-9090"]
2020-09-06 10:31:27 INFO  [org.apache.juli.logging.DirectJDKLog              ] : Starting service [Tomcat]
2020-09-06 10:31:27 INFO  [org.apache.juli.logging.DirectJDKLog              ] : Starting Servlet engine: [Apache Tomcat/9.0.37]
2020-09-06 10:31:27 INFO  [org.apache.juli.logging.DirectJDKLog              ] : Initializing Spring embedded WebApplicationContext
2020-09-06 10:31:27 INFO  [servlet.context.ServletWebServerApplicationContext] : Root WebApplicationContext: initialization completed in 2039 ms
2020-09-06 10:31:27 INFO  [com.alibaba.druid.pool.DruidDataSource            ] : {dataSource-1} inited
2020-09-06 10:31:28 INFO  [scheduling.concurrent.ExecutorConfigurationSupport] : Initializing ExecutorService 'applicationTaskExecutor'
2020-09-06 10:31:28 INFO  [gframework.security.web.DefaultSecurityFilterChain] : Creating filter chain: any request, [org.springframework.security.web.context.request.async.WebAsyncManagerIntegrationFilter@9c0d0bd, org.springframework.security.web.context.SecurityContextPersistenceFilter@3095d401, org.springframework.security.web.header.HeaderWriterFilter@67b5e613, org.springframework.security.web.authentication.logout.LogoutFilter@67a8bcbb, com.alimather.myjwt.common.filters.JwtAuthenticationTokenFilter@5e85c21b, org.springframework.security.web.authentication.UsernamePasswordAuthenticationFilter@7d522180, org.springframework.security.web.authentication.ui.DefaultLoginPageGeneratingFilter@6d7b2319, org.springframework.security.web.authentication.ui.DefaultLogoutPageGeneratingFilter@176333ee, org.springframework.security.web.authentication.www.BasicAuthenticationFilter@6cceb281, org.springframework.security.web.savedrequest.RequestCacheAwareFilter@2037f12b, org.springframework.security.web.servletapi.SecurityContextHolderAwareRequestFilter@4fad51a3, org.springframework.security.web.authentication.rememberme.RememberMeAuthenticationFilter@ff03361, org.springframework.security.web.authentication.AnonymousAuthenticationFilter@18e6b72b, org.springframework.security.web.session.SessionManagementFilter@6fc1a8f6, org.springframework.security.web.access.ExceptionTranslationFilter@4e7bc939, org.springframework.security.web.access.intercept.FilterSecurityInterceptor@1da75dde]
2020-09-06 10:31:29 INFO  [org.apache.juli.logging.DirectJDKLog              ] : Starting ProtocolHandler ["http-nio-9090"]
2020-09-06 10:31:29 INFO  [framework.boot.web.embedded.tomcat.TomcatWebServer] : Tomcat started on port(s): 9090 (http) with context path ''
2020-09-06 10:31:29 INFO  [org.springframework.boot.StartupInfoLogger        ] : Started MyJwtApplication in 4.785 seconds (JVM running for 6.962)
2020-09-06 10:31:39 INFO  [scheduling.concurrent.ExecutorConfigurationSupport] : Shutting down ExecutorService 'applicationTaskExecutor'
2020-09-06 10:31:39 INFO  [com.alibaba.druid.pool.DruidDataSource            ] : {dataSource-1} closed
2020-09-06 10:31:51 INFO  [org.springframework.boot.StartupInfoLogger        ] : Starting MyJwtApplication on LAPTOP-V4F9FVFF with PID 21488 (E:\MyItem\my-jwt\target\classes started by 86166 in E:\MyItem)
2020-09-06 10:31:51 INFO  [org.springframework.boot.SpringApplication        ] : No active profile set, falling back to default profiles: default
2020-09-06 10:31:53 INFO  [.repository.config.RepositoryConfigurationDelegate] : Multiple Spring Data modules found, entering strict repository configuration mode!
2020-09-06 10:31:53 INFO  [.repository.config.RepositoryConfigurationDelegate] : Bootstrapping Spring Data Redis repositories in DEFAULT mode.
2020-09-06 10:31:53 INFO  [.repository.config.RepositoryConfigurationDelegate] : Finished Spring Data repository scanning in 40ms. Found 0 Redis repository interfaces.
2020-09-06 10:31:54 INFO  [framework.boot.web.embedded.tomcat.TomcatWebServer] : Tomcat initialized with port(s): 9090 (http)
2020-09-06 10:31:54 INFO  [org.apache.juli.logging.DirectJDKLog              ] : Initializing ProtocolHandler ["http-nio-9090"]
2020-09-06 10:31:54 INFO  [org.apache.juli.logging.DirectJDKLog              ] : Starting service [Tomcat]
2020-09-06 10:31:54 INFO  [org.apache.juli.logging.DirectJDKLog              ] : Starting Servlet engine: [Apache Tomcat/9.0.37]
2020-09-06 10:31:54 INFO  [org.apache.juli.logging.DirectJDKLog              ] : Initializing Spring embedded WebApplicationContext
2020-09-06 10:31:54 INFO  [servlet.context.ServletWebServerApplicationContext] : Root WebApplicationContext: initialization completed in 3050 ms
2020-09-06 10:31:55 INFO  [com.alibaba.druid.pool.DruidDataSource            ] : {dataSource-1} inited
2020-09-06 10:31:56 INFO  [scheduling.concurrent.ExecutorConfigurationSupport] : Initializing ExecutorService 'applicationTaskExecutor'
2020-09-06 10:31:57 INFO  [gframework.security.web.DefaultSecurityFilterChain] : Creating filter chain: any request, [org.springframework.security.web.context.request.async.WebAsyncManagerIntegrationFilter@21733cbe, org.springframework.security.web.context.SecurityContextPersistenceFilter@2cee5365, org.springframework.security.web.header.HeaderWriterFilter@23ea8830, org.springframework.security.web.authentication.logout.LogoutFilter@7c2b6acb, com.alimather.myjwt.common.filters.JwtAuthenticationTokenFilter@31b0f02, org.springframework.security.web.authentication.UsernamePasswordAuthenticationFilter@70f4f89e, org.springframework.security.web.authentication.ui.DefaultLoginPageGeneratingFilter@5d829ef0, org.springframework.security.web.authentication.ui.DefaultLogoutPageGeneratingFilter@77ccded4, org.springframework.security.web.authentication.www.BasicAuthenticationFilter@73aaec54, org.springframework.security.web.savedrequest.RequestCacheAwareFilter@56d6a1b1, org.springframework.security.web.servletapi.SecurityContextHolderAwareRequestFilter@4e4f4092, org.springframework.security.web.authentication.rememberme.RememberMeAuthenticationFilter@74b1838, org.springframework.security.web.authentication.AnonymousAuthenticationFilter@64c8fcfb, org.springframework.security.web.session.SessionManagementFilter@790ac3e0, org.springframework.security.web.access.ExceptionTranslationFilter@2b9aeedb, org.springframework.security.web.access.intercept.FilterSecurityInterceptor@5e37fb82]
2020-09-06 10:31:57 INFO  [org.apache.juli.logging.DirectJDKLog              ] : Starting ProtocolHandler ["http-nio-9090"]
2020-09-06 10:31:57 INFO  [framework.boot.web.embedded.tomcat.TomcatWebServer] : Tomcat started on port(s): 9090 (http) with context path ''
2020-09-06 10:31:57 INFO  [org.springframework.boot.StartupInfoLogger        ] : Started MyJwtApplication in 7.411 seconds (JVM running for 13.463)
2020-09-06 10:32:07 INFO  [org.apache.juli.logging.DirectJDKLog              ] : A cookie header was received [eyJhbGciOiJSUzI1NiJ9.eyJzdWIiOiJ5amciLCJpcCI6IjEyNy4wLjAuMSIsImV4cCI6MTU5OTM1NzEwOH0.oXQXCorhLLkcdAnJ31wpf-LoO4WaOG6KdJM7wLIpGJKiIfLpSDBTHf5Khffhu6qLddrHmqGf8Yj7ihkYN62Zj7U55GLzL9S1VOYFfEzuHAE-GMGg1tij6Y5R_Nt8onXCB3FqtQM3FHfizYHmtjkfIqgbnfbSJa67izz5lpx5vKs; token=Bearer%20eyJhbGciOiJSUzI1NiJ9.eyJzdWIiOiJ5amciLCJpcCI6IjEyNy4wLjAuMSIsImV4cCI6MTU5OTM1OTU5NX0.NnOVtXkNQVKPTXhKy7_Yn02Dp6FpobrSocy91NFgG1IiBbkUMYJcIp5loKKJXHiqVpW4ZECmni46YNQYtlFC4k4KLewekpyPP8r_4LJmCFcdImgiJagujiUkI3pDr2gD08xpuOwfCymoYL_htW2sqy6qVZIJHezABq1S0LvPU1E] that contained an invalid cookie. That cookie will be ignored.
 Note: further occurrences of this error will be logged at DEBUG level.
2020-09-06 10:32:07 INFO  [org.apache.juli.logging.DirectJDKLog              ] : Initializing Spring DispatcherServlet 'dispatcherServlet'
2020-09-06 10:32:07 INFO  [org.springframework.web.servlet.FrameworkServlet  ] : Initializing Servlet 'dispatcherServlet'
2020-09-06 10:32:07 INFO  [org.springframework.web.servlet.FrameworkServlet  ] : Completed initialization in 8 ms
2020-09-06 10:32:29 INFO  [t.common.security.AjaxAuthenticationSuccessHandler] : 用户yjg登录成功，信息已保存至redis
2020-09-06 10:32:51 INFO  [.myjwt.common.filters.JwtAuthenticationTokenFilter] : eyJhbGciOiJSUzI1NiJ9.eyJzdWIiOiJ5amciLCJpcCI6IjEyNy4wLjAuMSIsImV4cCI6MTU5OTM1OTg0OH0.pw1R8EFbfK_0oz9WgumQzMlDe8sHO2oYyhtSZx6ULGsolQ9XvBWq11sbpz0MuKG8eLSEhBYi3AuaJOAMOya9zKV7-EXukpeVvPvl0lKjpkhiS-IBMXfLMxGpkIftSeI-lPYJJRddwNa3xTA-Jpsl3TgjmDpxb60MUYcBEB832uY已作废，加入黑名单
2020-09-06 10:32:51 INFO  [.myjwt.common.filters.JwtAuthenticationTokenFilter] : redis已删除旧token：eyJhbGciOiJSUzI1NiJ9.eyJzdWIiOiJ5amciLCJpcCI6IjEyNy4wLjAuMSIsImV4cCI6MTU5OTM1OTg0OH0.pw1R8EFbfK_0oz9WgumQzMlDe8sHO2oYyhtSZx6ULGsolQ9XvBWq11sbpz0MuKG8eLSEhBYi3AuaJOAMOya9zKV7-EXukpeVvPvl0lKjpkhiS-IBMXfLMxGpkIftSeI-lPYJJRddwNa3xTA-Jpsl3TgjmDpxb60MUYcBEB832uY,新token：eyJhbGciOiJSUzI1NiJ9.eyJzdWIiOiJ5amciLCJpcCI6IjEyNy4wLjAuMSIsImV4cCI6MTU5OTM1OTg3MX0.Wygo68-yzUwBQSdCDtUh17fzO62nceFuNH0nkRLuKdZ9VtSwj8gSY96Lm1zrTszlUra5vAVIb_P8LRGOFK20-MseMJ7S4VV6iiCg2DakwJKl1aicLLPsPS2kaHQefB7AKzmON9vkCMtNJL-S6jG1uhkVNRJimDBIVv4P3FaOKr8已更新redis
2020-09-06 10:35:46 INFO  [t.common.security.AjaxAuthenticationSuccessHandler] : 用户yjg登录成功，信息已保存至redis
2020-09-06 10:36:15 INFO  [.myjwt.common.filters.JwtAuthenticationTokenFilter] : eyJhbGciOiJSUzI1NiJ9.eyJzdWIiOiJ5amciLCJpcCI6IjEyNy4wLjAuMSIsImV4cCI6MTU5OTM2MDA0Nn0.O31Hzv5Lo0lIMd7SxuBZa8uKEpjpAT4WCa0ZLK-IDSFqNAmhcNdMQaZtb4HC8huccgVYArKI_YOOQ3UMU2qkSrhH_KRXb7JiOpbUr3mbmDDVEhajYOhaHCAQgjVUfuE-I8coN0eJi7cJSPKmAxr4s5I53uFvIhKbLC7bTq2reYw已作废，加入黑名单
2020-09-06 10:36:15 INFO  [.myjwt.common.filters.JwtAuthenticationTokenFilter] : redis已删除旧token：eyJhbGciOiJSUzI1NiJ9.eyJzdWIiOiJ5amciLCJpcCI6IjEyNy4wLjAuMSIsImV4cCI6MTU5OTM2MDA0Nn0.O31Hzv5Lo0lIMd7SxuBZa8uKEpjpAT4WCa0ZLK-IDSFqNAmhcNdMQaZtb4HC8huccgVYArKI_YOOQ3UMU2qkSrhH_KRXb7JiOpbUr3mbmDDVEhajYOhaHCAQgjVUfuE-I8coN0eJi7cJSPKmAxr4s5I53uFvIhKbLC7bTq2reYw,新token：eyJhbGciOiJSUzI1NiJ9.eyJzdWIiOiJ5amciLCJpcCI6IjEyNy4wLjAuMSIsImV4cCI6MTU5OTM2MDA3NX0.Ipcmk8KWJdS8iufZwnfF9J212eId0q1_zgRENbk1bzGDoMJdUrHD2OYth__NyUlaKVWyC_6aIsg5Vzok70JaSH8Hj5IuXcJ6xSKbsD7vNfNjvVf1zjsU-ygX8G7Zj1eXSU_UeFod0Ici7ge91qnM_oSdwrmR6gBTZx3HZ2t6FEs已更新redis
2020-09-06 10:38:16 INFO  [t.common.security.AjaxAuthenticationSuccessHandler] : 用户yjg登录成功，信息已保存至redis
2020-09-06 10:38:43 INFO  [.myjwt.common.filters.JwtAuthenticationTokenFilter] : eyJhbGciOiJSUzI1NiJ9.eyJzdWIiOiJ5amciLCJpcCI6IjEyNy4wLjAuMSIsImV4cCI6MTU5OTM2MDE5Nn0.p4xh5AEXk0Ap44UYU70d5CDwXNnWMvp0hzUZepDyh51I9Xjvs5ZFy7pxjb8N6Jn0r7aoRWfEjMb9tqK91O5l8KvwwX8RuA4lkyHqZWJoFABd78mCc-uA0kyrD8Jovl5Mf0t_R0OPvLSx3Swxk7tVSj4MRqMsJhtOaumMn7lWEms已作废，加入黑名单
2020-09-06 10:38:43 INFO  [.myjwt.common.filters.JwtAuthenticationTokenFilter] : redis已删除旧token：eyJhbGciOiJSUzI1NiJ9.eyJzdWIiOiJ5amciLCJpcCI6IjEyNy4wLjAuMSIsImV4cCI6MTU5OTM2MDE5Nn0.p4xh5AEXk0Ap44UYU70d5CDwXNnWMvp0hzUZepDyh51I9Xjvs5ZFy7pxjb8N6Jn0r7aoRWfEjMb9tqK91O5l8KvwwX8RuA4lkyHqZWJoFABd78mCc-uA0kyrD8Jovl5Mf0t_R0OPvLSx3Swxk7tVSj4MRqMsJhtOaumMn7lWEms,新token：eyJhbGciOiJSUzI1NiJ9.eyJzdWIiOiJ5amciLCJpcCI6IjEyNy4wLjAuMSIsImV4cCI6MTU5OTM2MDIyM30.UFzRO9TP13glg3oFGS1vU-8vKBQDFjX6vTCnEQ8vUnzRFAQIVJdMQGAGDKrTk3pIZkKz0vhEH9ftgkC5ceQIJ7RAlovI9TyuSU-XOMrf7vUd8YnVDAPipUEvV3vQ5sPIpmUo89IhZbJkteGNzNTxPBzKYTKOw5NGLEGjeieEjBw已更新redis
2020-09-06 10:42:57 INFO  [t.common.security.AjaxAuthenticationSuccessHandler] : 用户yjg登录成功，信息已保存至redis
2020-09-06 10:43:20 INFO  [.myjwt.common.filters.JwtAuthenticationTokenFilter] : eyJhbGciOiJSUzI1NiJ9.eyJzdWIiOiJ5amciLCJpcCI6IjEyNy4wLjAuMSIsImV4cCI6MTU5OTM2MDQ3N30.XzdKprVsrZ_RLVUicDil6rsgJrMglMaeJnrd_Oe_uxmY2x1AnqDy-mfDOUSrXUzEYld2fCkIVGH1nZVD81oi9VkVXFSl3ChEFEdICLnZF71I8JBQw5bpAPrWbzxJu5GYRKcQZyd9tKVi3FnNgP-VXEndhtS65BQuCHiKuGPCR3w已作废，加入黑名单
2020-09-06 10:43:20 INFO  [.myjwt.common.filters.JwtAuthenticationTokenFilter] : redis已删除旧token：eyJhbGciOiJSUzI1NiJ9.eyJzdWIiOiJ5amciLCJpcCI6IjEyNy4wLjAuMSIsImV4cCI6MTU5OTM2MDQ3N30.XzdKprVsrZ_RLVUicDil6rsgJrMglMaeJnrd_Oe_uxmY2x1AnqDy-mfDOUSrXUzEYld2fCkIVGH1nZVD81oi9VkVXFSl3ChEFEdICLnZF71I8JBQw5bpAPrWbzxJu5GYRKcQZyd9tKVi3FnNgP-VXEndhtS65BQuCHiKuGPCR3w,新token：eyJhbGciOiJSUzI1NiJ9.eyJzdWIiOiJ5amciLCJpcCI6IjEyNy4wLjAuMSIsImV4cCI6MTU5OTM2MDUwMH0.uIAy1MW5ounhSlPL-UtcNOGWEu9Z3h7-e2O5I_eq00v2WxFr8l-5kjwUqjMXpjFJwtpI4U8rGNVQTA92zYcYOxBc6vjGMky9S2achLh9GOcAJpfTdqaRcJFdT8CyeP5Y7AAF-E7C3GRUL1UhLu55MugjUi-kpO4SrYQF0txYrl8已更新redis
2020-09-06 10:49:19 INFO  [t.common.security.AjaxAuthenticationSuccessHandler] : 用户yjg登录成功，信息已保存至redis
2020-09-06 10:50:31 INFO  [t.common.security.AjaxAuthenticationSuccessHandler] : 用户yjg登录成功，信息已保存至redis
2020-09-06 10:53:49 INFO  [.myjwt.common.filters.JwtAuthenticationTokenFilter] : eyJhbGciOiJSUzI1NiJ9.eyJzdWIiOiJ5amciLCJpcCI6IjEyNy4wLjAuMSIsImV4cCI6MTU5OTM2MDkzMX0.X2UOLXvOJT7EAUnny7dgKGHrGirNbP6P-F4a8mfPUyj-ljBS5X31gH76nmqdxI-1sQtcG3nyHBXJt-Ga-NmZgwUv2ZqpZCx3fQmnvsC3Hkg7jXhsnXfc_VL0lU2RLN4eNiennc9kKvQooGNSyFrBOB3gR3MwtapsNwZiEdWXgMY已作废，加入黑名单
2020-09-06 10:53:49 INFO  [.myjwt.common.filters.JwtAuthenticationTokenFilter] : redis已删除旧token：eyJhbGciOiJSUzI1NiJ9.eyJzdWIiOiJ5amciLCJpcCI6IjEyNy4wLjAuMSIsImV4cCI6MTU5OTM2MDkzMX0.X2UOLXvOJT7EAUnny7dgKGHrGirNbP6P-F4a8mfPUyj-ljBS5X31gH76nmqdxI-1sQtcG3nyHBXJt-Ga-NmZgwUv2ZqpZCx3fQmnvsC3Hkg7jXhsnXfc_VL0lU2RLN4eNiennc9kKvQooGNSyFrBOB3gR3MwtapsNwZiEdWXgMY,新token：eyJhbGciOiJSUzI1NiJ9.eyJzdWIiOiJ5amciLCJpcCI6IjEyNy4wLjAuMSIsImV4cCI6MTU5OTM2MTEyOX0.C2CyLp08Sn_8arw__rknDtk04C1Bu69HxIzVvRrfNQRUDG2nBRIdMKXDPMnx2AYdRyzudGNvIV42M3NjmJrqcMzamPmqZvLqhNmXNT1imWjMym0cqRUlL93bDudm441GgBaaHov9rcamFJdMc8TTBLLRVISedfYLRrpl_gfwOTI已更新redis
2020-09-06 10:55:36 INFO  [scheduling.concurrent.ExecutorConfigurationSupport] : Shutting down ExecutorService 'applicationTaskExecutor'
2020-09-06 10:55:36 INFO  [com.alibaba.druid.pool.DruidDataSource            ] : {dataSource-1} closed
2020-09-06 10:55:45 INFO  [org.springframework.boot.StartupInfoLogger        ] : Starting MyJwtApplication on LAPTOP-V4F9FVFF with PID 19020 (E:\MyItem\my-jwt\target\classes started by 86166 in E:\MyItem)
2020-09-06 10:55:45 INFO  [org.springframework.boot.SpringApplication        ] : No active profile set, falling back to default profiles: default
2020-09-06 10:55:46 INFO  [.repository.config.RepositoryConfigurationDelegate] : Multiple Spring Data modules found, entering strict repository configuration mode!
2020-09-06 10:55:46 INFO  [.repository.config.RepositoryConfigurationDelegate] : Bootstrapping Spring Data Redis repositories in DEFAULT mode.
2020-09-06 10:55:46 INFO  [.repository.config.RepositoryConfigurationDelegate] : Finished Spring Data repository scanning in 24ms. Found 0 Redis repository interfaces.
2020-09-06 10:55:47 INFO  [framework.boot.web.embedded.tomcat.TomcatWebServer] : Tomcat initialized with port(s): 9090 (http)
2020-09-06 10:55:47 INFO  [org.apache.juli.logging.DirectJDKLog              ] : Initializing ProtocolHandler ["http-nio-9090"]
2020-09-06 10:55:47 INFO  [org.apache.juli.logging.DirectJDKLog              ] : Starting service [Tomcat]
2020-09-06 10:55:47 INFO  [org.apache.juli.logging.DirectJDKLog              ] : Starting Servlet engine: [Apache Tomcat/9.0.37]
2020-09-06 10:55:47 INFO  [org.apache.juli.logging.DirectJDKLog              ] : Initializing Spring embedded WebApplicationContext
2020-09-06 10:55:47 INFO  [servlet.context.ServletWebServerApplicationContext] : Root WebApplicationContext: initialization completed in 1986 ms
2020-09-06 10:55:47 INFO  [com.alibaba.druid.pool.DruidDataSource            ] : {dataSource-1} inited
2020-09-06 10:55:48 INFO  [scheduling.concurrent.ExecutorConfigurationSupport] : Initializing ExecutorService 'applicationTaskExecutor'
2020-09-06 10:55:49 INFO  [gframework.security.web.DefaultSecurityFilterChain] : Creating filter chain: any request, [org.springframework.security.web.context.request.async.WebAsyncManagerIntegrationFilter@467ef400, org.springframework.security.web.context.SecurityContextPersistenceFilter@37a67cf, org.springframework.security.web.header.HeaderWriterFilter@4300e240, org.springframework.security.web.authentication.logout.LogoutFilter@45e7bb79, com.alimather.myjwt.common.filters.JwtAuthenticationTokenFilter@1ee5632d, org.springframework.security.web.authentication.UsernamePasswordAuthenticationFilter@456aa471, org.springframework.security.web.authentication.ui.DefaultLoginPageGeneratingFilter@2aa6bbad, org.springframework.security.web.authentication.ui.DefaultLogoutPageGeneratingFilter@13fe5bb7, org.springframework.security.web.authentication.www.BasicAuthenticationFilter@376af784, org.springframework.security.web.savedrequest.RequestCacheAwareFilter@5908e6d6, org.springframework.security.web.servletapi.SecurityContextHolderAwareRequestFilter@b55f5b7, org.springframework.security.web.authentication.rememberme.RememberMeAuthenticationFilter@27afbf14, org.springframework.security.web.authentication.AnonymousAuthenticationFilter@4276ad40, org.springframework.security.web.session.SessionManagementFilter@547aaa32, org.springframework.security.web.access.ExceptionTranslationFilter@2ff498b0, org.springframework.security.web.access.intercept.FilterSecurityInterceptor@39ace1a7]
2020-09-06 10:55:49 INFO  [org.apache.juli.logging.DirectJDKLog              ] : Starting ProtocolHandler ["http-nio-9090"]
2020-09-06 10:55:49 INFO  [framework.boot.web.embedded.tomcat.TomcatWebServer] : Tomcat started on port(s): 9090 (http) with context path ''
2020-09-06 10:55:49 INFO  [org.springframework.boot.StartupInfoLogger        ] : Started MyJwtApplication in 4.535 seconds (JVM running for 6.764)
2020-09-06 10:55:58 INFO  [org.apache.juli.logging.DirectJDKLog              ] : A cookie header was received [eyJhbGciOiJSUzI1NiJ9.eyJzdWIiOiJ5amciLCJpcCI6IjEyNy4wLjAuMSIsImV4cCI6MTU5OTM1NzEwOH0.oXQXCorhLLkcdAnJ31wpf-LoO4WaOG6KdJM7wLIpGJKiIfLpSDBTHf5Khffhu6qLddrHmqGf8Yj7ihkYN62Zj7U55GLzL9S1VOYFfEzuHAE-GMGg1tij6Y5R_Nt8onXCB3FqtQM3FHfizYHmtjkfIqgbnfbSJa67izz5lpx5vKs; token=Bearer◎eyJhbGciOiJSUzI1NiJ9.eyJzdWIiOiJ5amciLCJpcCI6IjEyNy4wLjAuMSIsImV4cCI6MTU5OTM2MTEyOX0.C2CyLp08Sn_8arw__rknDtk04C1Bu69HxIzVvRrfNQRUDG2nBRIdMKXDPMnx2AYdRyzudGNvIV42M3NjmJrqcMzamPmqZvLqhNmXNT1imWjMym0cqRUlL93bDudm441GgBaaHov9rcamFJdMc8TTBLLRVISedfYLRrpl_gfwOTI] that contained an invalid cookie. That cookie will be ignored.
 Note: further occurrences of this error will be logged at DEBUG level.
2020-09-06 10:55:58 INFO  [org.apache.juli.logging.DirectJDKLog              ] : Initializing Spring DispatcherServlet 'dispatcherServlet'
2020-09-06 10:55:58 INFO  [org.springframework.web.servlet.FrameworkServlet  ] : Initializing Servlet 'dispatcherServlet'
2020-09-06 10:55:58 INFO  [org.springframework.web.servlet.FrameworkServlet  ] : Completed initialization in 10 ms
2020-09-06 10:56:21 INFO  [t.common.security.AjaxAuthenticationSuccessHandler] : 用户yjg登录成功，信息已保存至redis
2020-09-06 10:57:24 INFO  [.myjwt.common.filters.JwtAuthenticationTokenFilter] : eyJhbGciOiJSUzI1NiJ9.eyJzdWIiOiJ5amciLCJpcCI6IjEyNy4wLjAuMSIsImV4cCI6MTU5OTM2MTI3OX0.BrV7Da1KAlup9h-vwTg0lOdllmXyHWLx5QKyhlCMsFLrMAEAUT7wKv25ljsSkbQvP3u82K8GRRF3JCbcUCKD4gcJ3M2XFzT5t1nCt3yCa7owgqD7m9n8DSuYM01z1HKX-gF_OnOWVPgsNCGFL7yS6OS3OmXjzTs9_Gd7WaB03K4已作废，加入黑名单
2020-09-06 10:57:24 INFO  [.myjwt.common.filters.JwtAuthenticationTokenFilter] : redis已删除旧token：eyJhbGciOiJSUzI1NiJ9.eyJzdWIiOiJ5amciLCJpcCI6IjEyNy4wLjAuMSIsImV4cCI6MTU5OTM2MTI3OX0.BrV7Da1KAlup9h-vwTg0lOdllmXyHWLx5QKyhlCMsFLrMAEAUT7wKv25ljsSkbQvP3u82K8GRRF3JCbcUCKD4gcJ3M2XFzT5t1nCt3yCa7owgqD7m9n8DSuYM01z1HKX-gF_OnOWVPgsNCGFL7yS6OS3OmXjzTs9_Gd7WaB03K4,新token：eyJhbGciOiJSUzI1NiJ9.eyJzdWIiOiJ5amciLCJpcCI6IjEyNy4wLjAuMSIsImV4cCI6MTU5OTM2MTM0NH0.qvRKmx6f2YpCc7ABF4eOkfK3ji7NuLfe1mpvZofZ_PixlQ5YeualBvk6M_6jg4iuyMLdLDgFeyza8q8YJnv3JCIp9Y7e48T8PujGY4_IXedvmbd5xLegBJeB-FTEy4hV-1PWgpDeW9TddaElfiXE9vnYGLB3X9zLQ9ViiREbsRE已更新redis
2020-09-06 10:57:41 INFO  [.myjwt.common.filters.JwtAuthenticationTokenFilter] : 用户：yjg的token：eyJhbGciOiJSUzI1NiJ9.eyJzdWIiOiJ5amciLCJpcCI6IjEyNy4wLjAuMSIsImV4cCI6MTU5OTM2MTI3OX0.BrV7Da1KAlup9h-vwTg0lOdllmXyHWLx5QKyhlCMsFLrMAEAUT7wKv25ljsSkbQvP3u82K8GRRF3JCbcUCKD4gcJ3M2XFzT5t1nCt3yCa7owgqD7m9n8DSuYM01z1HKX-gF_OnOWVPgsNCGFL7yS6OS3OmXjzTs9_Gd7WaB03K4在黑名单之中，拒绝访问
2020-09-06 10:59:35 INFO  [scheduling.concurrent.ExecutorConfigurationSupport] : Shutting down ExecutorService 'applicationTaskExecutor'
2020-09-06 10:59:35 INFO  [com.alibaba.druid.pool.DruidDataSource            ] : {dataSource-1} closed
2020-09-06 10:59:43 INFO  [org.springframework.boot.StartupInfoLogger        ] : Starting MyJwtApplication on LAPTOP-V4F9FVFF with PID 9520 (E:\MyItem\my-jwt\target\classes started by 86166 in E:\MyItem)
2020-09-06 10:59:43 INFO  [org.springframework.boot.SpringApplication        ] : No active profile set, falling back to default profiles: default
2020-09-06 10:59:44 INFO  [.repository.config.RepositoryConfigurationDelegate] : Multiple Spring Data modules found, entering strict repository configuration mode!
2020-09-06 10:59:44 INFO  [.repository.config.RepositoryConfigurationDelegate] : Bootstrapping Spring Data Redis repositories in DEFAULT mode.
2020-09-06 10:59:44 INFO  [.repository.config.RepositoryConfigurationDelegate] : Finished Spring Data repository scanning in 23ms. Found 0 Redis repository interfaces.
2020-09-06 10:59:45 INFO  [framework.boot.web.embedded.tomcat.TomcatWebServer] : Tomcat initialized with port(s): 9090 (http)
2020-09-06 10:59:45 INFO  [org.apache.juli.logging.DirectJDKLog              ] : Initializing ProtocolHandler ["http-nio-9090"]
2020-09-06 10:59:45 INFO  [org.apache.juli.logging.DirectJDKLog              ] : Starting service [Tomcat]
2020-09-06 10:59:45 INFO  [org.apache.juli.logging.DirectJDKLog              ] : Starting Servlet engine: [Apache Tomcat/9.0.37]
2020-09-06 10:59:45 INFO  [org.apache.juli.logging.DirectJDKLog              ] : Initializing Spring embedded WebApplicationContext
2020-09-06 10:59:45 INFO  [servlet.context.ServletWebServerApplicationContext] : Root WebApplicationContext: initialization completed in 1694 ms
2020-09-06 10:59:45 INFO  [com.alibaba.druid.pool.DruidDataSource            ] : {dataSource-1} inited
2020-09-06 10:59:46 INFO  [scheduling.concurrent.ExecutorConfigurationSupport] : Initializing ExecutorService 'applicationTaskExecutor'
2020-09-06 10:59:47 INFO  [gframework.security.web.DefaultSecurityFilterChain] : Creating filter chain: any request, [org.springframework.security.web.context.request.async.WebAsyncManagerIntegrationFilter@704d3b00, org.springframework.security.web.context.SecurityContextPersistenceFilter@75839695, org.springframework.security.web.header.HeaderWriterFilter@77ce88c4, org.springframework.security.web.authentication.logout.LogoutFilter@5908e6d6, com.alimather.myjwt.common.filters.JwtAuthenticationTokenFilter@5a4d4f9c, org.springframework.security.web.authentication.UsernamePasswordAuthenticationFilter@3be80ece, org.springframework.security.web.authentication.ui.DefaultLoginPageGeneratingFilter@46ab4efc, org.springframework.security.web.authentication.ui.DefaultLogoutPageGeneratingFilter@21e484b, org.springframework.security.web.authentication.www.BasicAuthenticationFilter@141aba65, org.springframework.security.web.savedrequest.RequestCacheAwareFilter@794c5f5e, org.springframework.security.web.servletapi.SecurityContextHolderAwareRequestFilter@108b121f, org.springframework.security.web.authentication.rememberme.RememberMeAuthenticationFilter@5ab5924c, org.springframework.security.web.authentication.AnonymousAuthenticationFilter@191f4d65, org.springframework.security.web.session.SessionManagementFilter@29b5533, org.springframework.security.web.access.ExceptionTranslationFilter@1552da16, org.springframework.security.web.access.intercept.FilterSecurityInterceptor@308e87a1]
2020-09-06 10:59:47 INFO  [org.apache.juli.logging.DirectJDKLog              ] : Starting ProtocolHandler ["http-nio-9090"]
2020-09-06 10:59:47 INFO  [framework.boot.web.embedded.tomcat.TomcatWebServer] : Tomcat started on port(s): 9090 (http) with context path ''
2020-09-06 10:59:47 INFO  [org.springframework.boot.StartupInfoLogger        ] : Started MyJwtApplication in 4.142 seconds (JVM running for 6.254)
2020-09-06 10:59:59 INFO  [org.apache.juli.logging.DirectJDKLog              ] : A cookie header was received [eyJhbGciOiJSUzI1NiJ9.eyJzdWIiOiJ5amciLCJpcCI6IjEyNy4wLjAuMSIsImV4cCI6MTU5OTM1NzEwOH0.oXQXCorhLLkcdAnJ31wpf-LoO4WaOG6KdJM7wLIpGJKiIfLpSDBTHf5Khffhu6qLddrHmqGf8Yj7ihkYN62Zj7U55GLzL9S1VOYFfEzuHAE-GMGg1tij6Y5R_Nt8onXCB3FqtQM3FHfizYHmtjkfIqgbnfbSJa67izz5lpx5vKs; token=Bearer%20eyJhbGciOiJSUzI1NiJ9.eyJzdWIiOiJ5amciLCJpcCI6IjEyNy4wLjAuMSIsImV4cCI6MTU5OTM2MTI3OX0.BrV7Da1KAlup9h-vwTg0lOdllmXyHWLx5QKyhlCMsFLrMAEAUT7wKv25ljsSkbQvP3u82K8GRRF3JCbcUCKD4gcJ3M2XFzT5t1nCt3yCa7owgqD7m9n8DSuYM01z1HKX-gF_OnOWVPgsNCGFL7yS6OS3OmXjzTs9_Gd7WaB03K4] that contained an invalid cookie. That cookie will be ignored.
 Note: further occurrences of this error will be logged at DEBUG level.
2020-09-06 10:59:59 INFO  [org.apache.juli.logging.DirectJDKLog              ] : Initializing Spring DispatcherServlet 'dispatcherServlet'
2020-09-06 10:59:59 INFO  [org.springframework.web.servlet.FrameworkServlet  ] : Initializing Servlet 'dispatcherServlet'
2020-09-06 10:59:59 INFO  [org.springframework.web.servlet.FrameworkServlet  ] : Completed initialization in 10 ms
2020-09-06 11:00:21 INFO  [t.common.security.AjaxAuthenticationSuccessHandler] : 用户yjg登录成功，信息已保存至redis
2020-09-06 11:01:00 INFO  [.myjwt.common.filters.JwtAuthenticationTokenFilter] : eyJhbGciOiJSUzI1NiJ9.eyJzdWIiOiJ5amciLCJpcCI6IjEyNy4wLjAuMSIsImV4cCI6MTU5OTM2MTUxOX0.DXQSJ35AFnfI4WXkLXU4PhoMN5GBDQ_G1lAf5OkdNBhpRIwAcads4_1m8Bfb-rmn5BfqeB6N41ozIsPvDrfvocZk83eX3WZQtuuAvELFgttHjv26FtOSdroKCUpE28N0cANIOTU1OdxvPL886e6YS2vGqyw9NFxz9OV33SbpxoY已作废，加入黑名单
2020-09-06 11:01:00 INFO  [.myjwt.common.filters.JwtAuthenticationTokenFilter] : redis已删除旧token：eyJhbGciOiJSUzI1NiJ9.eyJzdWIiOiJ5amciLCJpcCI6IjEyNy4wLjAuMSIsImV4cCI6MTU5OTM2MTUxOX0.DXQSJ35AFnfI4WXkLXU4PhoMN5GBDQ_G1lAf5OkdNBhpRIwAcads4_1m8Bfb-rmn5BfqeB6N41ozIsPvDrfvocZk83eX3WZQtuuAvELFgttHjv26FtOSdroKCUpE28N0cANIOTU1OdxvPL886e6YS2vGqyw9NFxz9OV33SbpxoY,新token：eyJhbGciOiJSUzI1NiJ9.eyJzdWIiOiJ5amciLCJpcCI6IjEyNy4wLjAuMSIsImV4cCI6MTU5OTM2MTU2MH0.h2rnuijlRDmPyHNW_DMzU2Xz_cRls_J-tLIEmuAq5ibN_pXQcoWZ7ihM0jPIKwhqLBZDiZnw-tQBts_hw2svX1DQjPVAg58s2nxbcw0-uvf8k57zXwtJDQVOGsteBlnOcLPaIsnNIu_iQgKpNY-XmgTP30TYrneiQ34ckwTyXT4已更新redis
2020-09-06 11:06:44 INFO  [.myjwt.common.filters.JwtAuthenticationTokenFilter] : eyJhbGciOiJSUzI1NiJ9.eyJzdWIiOiJ5amciLCJpcCI6IjEyNy4wLjAuMSIsImV4cCI6MTU5OTM2MTU2MH0.h2rnuijlRDmPyHNW_DMzU2Xz_cRls_J-tLIEmuAq5ibN_pXQcoWZ7ihM0jPIKwhqLBZDiZnw-tQBts_hw2svX1DQjPVAg58s2nxbcw0-uvf8k57zXwtJDQVOGsteBlnOcLPaIsnNIu_iQgKpNY-XmgTP30TYrneiQ34ckwTyXT4已作废，加入黑名单
2020-09-06 11:06:44 INFO  [.myjwt.common.filters.JwtAuthenticationTokenFilter] : redis已删除旧token：eyJhbGciOiJSUzI1NiJ9.eyJzdWIiOiJ5amciLCJpcCI6IjEyNy4wLjAuMSIsImV4cCI6MTU5OTM2MTU2MH0.h2rnuijlRDmPyHNW_DMzU2Xz_cRls_J-tLIEmuAq5ibN_pXQcoWZ7ihM0jPIKwhqLBZDiZnw-tQBts_hw2svX1DQjPVAg58s2nxbcw0-uvf8k57zXwtJDQVOGsteBlnOcLPaIsnNIu_iQgKpNY-XmgTP30TYrneiQ34ckwTyXT4,新token：eyJhbGciOiJSUzI1NiJ9.eyJzdWIiOiJ5amciLCJpcCI6IjEyNy4wLjAuMSIsImV4cCI6MTU5OTM2MTkwNH0.poyOn6dBpF0PSSnyRNWUBxD3bxsfW926M2iBTSIEHhx7Qez4KI3JQYU10XiJq9FVHw9C5PWGG6Ng7lNV0U5HVJEHF113oQpWougKTf6GKD6nPfSyZDaHWLjiwgPqqnkc-sOFoi8pM78ZJ175LOcjl56C---vCXnmcXjPdEPWttM已更新redis
2020-09-06 11:10:37 INFO  [her.myjwt.common.security.AjaxLogoutSuccessHandler] : token：eyJhbGciOiJSUzI1NiJ9.eyJzdWIiOiJ5amciLCJpcCI6IjA6MDowOjA6MDowOjA6MSIsImV4cCI6MTU5OTI5OTY1NX0.gqD3olhaJ7oLdnQpdOBSl7-8-GlTs_kHOX5ExHqH8Q89ZKbIopE79ZKI1PqOit8RWckhZJ8s2lhMBbrMCZD5t49SW_KjoGJFy3wZ2S-XFo4tYOTZcWVs-Jp_dC1qwwY70zixaaSzWVxE1r2NPdhXZQZI3roKOikaxXvZb-qpw4s已加入redis黑名单
2020-09-06 11:11:25 INFO  [her.myjwt.common.security.AjaxLogoutSuccessHandler] : token：eyJhbGciOiJSUzI1NiJ9.eyJzdWIiOiJ5amciLCJpcCI6IjEyNy4wLjAuMSIsImV4cCI6MTU5OTM2MTkwNH0.poyOn6dBpF0PSSnyRNWUBxD3bxsfW926M2iBTSIEHhx7Qez4KI3JQYU10XiJq9FVHw9C5PWGG6Ng7lNV0U5HVJEHF113oQpWougKTf6GKD6nPfSyZDaHWLjiwgPqqnkc-sOFoi8pM78ZJ175LOcjl56C---vCXnmcXjPdEPWttM已加入redis黑名单
2020-09-06 11:11:39 INFO  [.myjwt.common.filters.JwtAuthenticationTokenFilter] : 用户：yjg的token：eyJhbGciOiJSUzI1NiJ9.eyJzdWIiOiJ5amciLCJpcCI6IjEyNy4wLjAuMSIsImV4cCI6MTU5OTM2MTkwNH0.poyOn6dBpF0PSSnyRNWUBxD3bxsfW926M2iBTSIEHhx7Qez4KI3JQYU10XiJq9FVHw9C5PWGG6Ng7lNV0U5HVJEHF113oQpWougKTf6GKD6nPfSyZDaHWLjiwgPqqnkc-sOFoi8pM78ZJ175LOcjl56C---vCXnmcXjPdEPWttM在黑名单之中，拒绝访问
2020-09-06 11:11:56 INFO  [.myjwt.common.filters.JwtAuthenticationTokenFilter] : 用户：null的token：eyJhbGciOiJSUzI1NiJ9.eyJzdWIiOiJ5amciLCJpcCI6IjEyNy4wLjAuMSIsImV4cCI6MTU5OTM2MTkwNH0.poyOn6dBpF0PSSnyRNWUBxD3bxsfW926M2iBTSIEHhx7Qez4KI3JQYU10XiJq9FVHw9C5PWGG6Ng7lNV0U5HVJEHF113oQpWougKTf6GKD6nPfSyZDaHWLjiwgPqqnkc-sOFoi8pM78ZJ175LOcjl56C---vCXnmcXjPdEPWttM在黑名单之中，拒绝访问
2020-09-06 11:12:56 INFO  [.myjwt.common.filters.JwtAuthenticationTokenFilter] : 用户：null的token：eyJhbGciOiJSUzI1NiJ9.eyJzdWIiOiJ5amciLCJpcCI6IjEyNy4wLjAuMSIsImV4cCI6MTU5OTM2MTkwNH0.poyOn6dBpF0PSSnyRNWUBxD3bxsfW926M2iBTSIEHhx7Qez4KI3JQYU10XiJq9FVHw9C5PWGG6Ng7lNV0U5HVJEHF113oQpWougKTf6GKD6nPfSyZDaHWLjiwgPqqnkc-sOFoi8pM78ZJ175LOcjl56C---vCXnmcXjPdEPWttM在黑名单之中，拒绝访问
2020-09-06 11:13:01 INFO  [.myjwt.common.filters.JwtAuthenticationTokenFilter] : 用户：null的token：eyJhbGciOiJSUzI1NiJ9.eyJzdWIiOiJ5amciLCJpcCI6IjEyNy4wLjAuMSIsImV4cCI6MTU5OTM2MTkwNH0.poyOn6dBpF0PSSnyRNWUBxD3bxsfW926M2iBTSIEHhx7Qez4KI3JQYU10XiJq9FVHw9C5PWGG6Ng7lNV0U5HVJEHF113oQpWougKTf6GKD6nPfSyZDaHWLjiwgPqqnkc-sOFoi8pM78ZJ175LOcjl56C---vCXnmcXjPdEPWttM在黑名单之中，拒绝访问
2020-09-06 11:13:27 INFO  [.myjwt.common.filters.JwtAuthenticationTokenFilter] : 用户：null的token：eyJhbGciOiJSUzI1NiJ9.eyJzdWIiOiJ5amciLCJpcCI6IjEyNy4wLjAuMSIsImV4cCI6MTU5OTM2MTkwNH0.poyOn6dBpF0PSSnyRNWUBxD3bxsfW926M2iBTSIEHhx7Qez4KI3JQYU10XiJq9FVHw9C5PWGG6Ng7lNV0U5HVJEHF113oQpWougKTf6GKD6nPfSyZDaHWLjiwgPqqnkc-sOFoi8pM78ZJ175LOcjl56C---vCXnmcXjPdEPWttM在黑名单之中，拒绝访问
2020-09-06 11:13:33 INFO  [.myjwt.common.filters.JwtAuthenticationTokenFilter] : 用户：null的token：eyJhbGciOiJSUzI1NiJ9.eyJzdWIiOiJ5amciLCJpcCI6IjEyNy4wLjAuMSIsImV4cCI6MTU5OTM2MTkwNH0.poyOn6dBpF0PSSnyRNWUBxD3bxsfW926M2iBTSIEHhx7Qez4KI3JQYU10XiJq9FVHw9C5PWGG6Ng7lNV0U5HVJEHF113oQpWougKTf6GKD6nPfSyZDaHWLjiwgPqqnkc-sOFoi8pM78ZJ175LOcjl56C---vCXnmcXjPdEPWttM在黑名单之中，拒绝访问
2020-09-06 11:14:43 INFO  [.myjwt.common.filters.JwtAuthenticationTokenFilter] : 用户：null的token：eyJhbGciOiJSUzI1NiJ9.eyJzdWIiOiJ5amciLCJpcCI6IjEyNy4wLjAuMSIsImV4cCI6MTU5OTM2MTkwNH0.poyOn6dBpF0PSSnyRNWUBxD3bxsfW926M2iBTSIEHhx7Qez4KI3JQYU10XiJq9FVHw9C5PWGG6Ng7lNV0U5HVJEHF113oQpWougKTf6GKD6nPfSyZDaHWLjiwgPqqnkc-sOFoi8pM78ZJ175LOcjl56C---vCXnmcXjPdEPWttM在黑名单之中，拒绝访问
2020-09-06 11:14:49 INFO  [her.myjwt.common.security.AjaxLogoutSuccessHandler] : token：eyJhbGciOiJSUzI1NiJ9.eyJzdWIiOiJ5amciLCJpcCI6IjEyNy4wLjAuMSIsImV4cCI6MTU5OTM2MTkwNH0.poyOn6dBpF0PSSnyRNWUBxD3bxsfW926M2iBTSIEHhx7Qez4KI3JQYU10XiJq9FVHw9C5PWGG6Ng7lNV0U5HVJEHF113oQpWougKTf6GKD6nPfSyZDaHWLjiwgPqqnkc-sOFoi8pM78ZJ175LOcjl56C---vCXnmcXjPdEPWttM已加入redis黑名单
2020-09-06 11:16:07 INFO  [her.myjwt.common.security.AjaxLogoutSuccessHandler] : token：eyJhbGciOiJSUzI1NiJ9.eyJzdWIiOiJ5amciLCJpcCI6IjEyNy4wLjAuMSIsImV4cCI6MTU5OTM2MTkwNH0.poyOn6dBpF0PSSnyRNWUBxD3bxsfW926M2iBTSIEHhx7Qez4KI3JQYU10XiJq9FVHw9C5PWGG6Ng7lNV0U5HVJEHF113oQpWougKTf6GKD6nPfSyZDaHWLjiwgPqqnkc-sOFoi8pM78ZJ175LOcjl56C---vCXnmcXjPdEPWttM已加入redis黑名单
2020-09-06 11:16:12 INFO  [her.myjwt.common.security.AjaxLogoutSuccessHandler] : token：eyJhbGciOiJSUzI1NiJ9.eyJzdWIiOiJ5amciLCJpcCI6IjEyNy4wLjAuMSIsImV4cCI6MTU5OTM2MTkwNH0.poyOn6dBpF0PSSnyRNWUBxD3bxsfW926M2iBTSIEHhx7Qez4KI3JQYU10XiJq9FVHw9C5PWGG6Ng7lNV0U5HVJEHF113oQpWougKTf6GKD6nPfSyZDaHWLjiwgPqqnkc-sOFoi8pM78ZJ175LOcjl56C---vCXnmcXjPdEPWttM已加入redis黑名单
2020-09-06 11:16:53 INFO  [.myjwt.common.filters.JwtAuthenticationTokenFilter] : 用户：null的token：eyJhbGciOiJSUzI1NiJ9.eyJzdWIiOiJ5amciLCJpcCI6IjEyNy4wLjAuMSIsImV4cCI6MTU5OTM2MTkwNH0.poyOn6dBpF0PSSnyRNWUBxD3bxsfW926M2iBTSIEHhx7Qez4KI3JQYU10XiJq9FVHw9C5PWGG6Ng7lNV0U5HVJEHF113oQpWougKTf6GKD6nPfSyZDaHWLjiwgPqqnkc-sOFoi8pM78ZJ175LOcjl56C---vCXnmcXjPdEPWttM在黑名单之中，拒绝访问
2020-09-06 11:17:02 INFO  [her.myjwt.common.security.AjaxLogoutSuccessHandler] : token：eyJhbGciOiJSUzI1NiJ9.eyJzdWIiOiJ5amciLCJpcCI6IjEyNy4wLjAuMSIsImV4cCI6MTU5OTM2MTkwNH0.poyOn6dBpF0PSSnyRNWUBxD3bxsfW926M2iBTSIEHhx7Qez4KI3JQYU10XiJq9FVHw9C5PWGG6Ng7lNV0U5HVJEHF113oQpWougKTf6GKD6nPfSyZDaHWLjiwgPqqnkc-sOFoi8pM78ZJ175LOcjl56C---vCXnmcXjPdEPWttM已加入redis黑名单
2020-09-06 11:17:50 INFO  [.myjwt.common.filters.JwtAuthenticationTokenFilter] : 用户：null的token：eyJhbGciOiJSUzI1NiJ9.eyJzdWIiOiJ5amciLCJpcCI6IjEyNy4wLjAuMSIsImV4cCI6MTU5OTM2MTkwNH0.poyOn6dBpF0PSSnyRNWUBxD3bxsfW926M2iBTSIEHhx7Qez4KI3JQYU10XiJq9FVHw9C5PWGG6Ng7lNV0U5HVJEHF113oQpWougKTf6GKD6nPfSyZDaHWLjiwgPqqnkc-sOFoi8pM78ZJ175LOcjl56C---vCXnmcXjPdEPWttM在黑名单之中，拒绝访问
2020-09-06 11:18:00 INFO  [her.myjwt.common.security.AjaxLogoutSuccessHandler] : token：eyJhbGciOiJSUzI1NiJ9.eyJzdWIiOiJ5amciLCJpcCI6IjEyNy4wLjAuMSIsImV4cCI6MTU5OTM2MTkwNH0.poyOn6dBpF0PSSnyRNWUBxD3bxsfW926M2iBTSIEHhx7Qez4KI3JQYU10XiJq9FVHw9C5PWGG6Ng7lNV0U5HVJEHF113oQpWougKTf6GKD6nPfSyZDaHWLjiwgPqqnkc-sOFoi8pM78ZJ175LOcjl56C---vCXnmcXjPdEPWttM已加入redis黑名单
2020-09-06 11:18:28 INFO  [her.myjwt.common.security.AjaxLogoutSuccessHandler] : token：null已加入redis黑名单
2020-09-06 11:22:54 INFO  [.myjwt.common.filters.JwtAuthenticationTokenFilter] : 用户：null的token：null在黑名单之中，拒绝访问
2020-09-06 11:26:24 INFO  [.myjwt.common.filters.JwtAuthenticationTokenFilter] : 用户：null的token：null在黑名单之中，拒绝访问
2020-09-06 11:27:39 INFO  [.myjwt.common.filters.JwtAuthenticationTokenFilter] : 用户：null的token：null在黑名单之中，拒绝访问
2020-09-06 11:29:35 INFO  [.myjwt.common.filters.JwtAuthenticationTokenFilter] : 用户：null的token：null在黑名单之中，拒绝访问
2020-09-06 11:30:19 INFO  [.myjwt.common.filters.JwtAuthenticationTokenFilter] : 用户：null的token：null在黑名单之中，拒绝访问
2020-09-06 11:30:56 INFO  [.myjwt.common.filters.JwtAuthenticationTokenFilter] : 用户：null的token：null在黑名单之中，拒绝访问
2020-09-06 11:30:59 INFO  [.myjwt.common.filters.JwtAuthenticationTokenFilter] : 用户：null的token：null在黑名单之中，拒绝访问
2020-09-06 11:31:08 INFO  [.myjwt.common.filters.JwtAuthenticationTokenFilter] : 用户：null的token：null在黑名单之中，拒绝访问
2020-09-06 11:32:00 INFO  [.myjwt.common.filters.JwtAuthenticationTokenFilter] : 用户：null的token：null在黑名单之中，拒绝访问
2020-09-06 11:34:51 INFO  [.myjwt.common.filters.JwtAuthenticationTokenFilter] : 用户：null的token：null在黑名单之中，拒绝访问
2020-09-06 11:35:14 INFO  [.myjwt.common.filters.JwtAuthenticationTokenFilter] : 用户：null的token：null在黑名单之中，拒绝访问
2020-09-06 11:35:33 INFO  [.myjwt.common.filters.JwtAuthenticationTokenFilter] : 用户：null的token：null在黑名单之中，拒绝访问
2020-09-06 11:35:39 INFO  [t.common.security.AjaxAuthenticationSuccessHandler] : 用户yjg登录成功，信息已保存至redis
2020-09-06 11:35:41 INFO  [her.myjwt.common.security.AjaxLogoutSuccessHandler] : token：eyJhbGciOiJSUzI1NiJ9.eyJzdWIiOiJ5amciLCJpcCI6IjEyNy4wLjAuMSIsImV4cCI6MTU5OTM2MzYzOX0.XzvqLSbfVQ2CbHtEV2NXJTYzFC7y_EhOg_IAUXbeSh0_lJNGmDpi6Z_1wrwXgXxaKHuAOuv_LjiCu1kF6jabtmFVYM7ebuhtKEO2uJ8QOHbWeqmG3giI6w4zATwzULkKBbXkneDpxKudW6tXQy0o-06w_IYmbXaX6tYmQVwcU8w已加入redis黑名单
2020-09-06 11:40:34 INFO  [t.common.security.AjaxAuthenticationSuccessHandler] : 用户yjg登录成功，信息已保存至redis
2020-09-06 11:40:36 INFO  [her.myjwt.common.security.AjaxLogoutSuccessHandler] : token：eyJhbGciOiJSUzI1NiJ9.eyJzdWIiOiJ5amciLCJpcCI6IjEyNy4wLjAuMSIsImV4cCI6MTU5OTM2MzkzNH0.uRQuAWRXiACjmXd5GsDPRrwBADtXJvF59re3coLWH9ewBPphGd4KKidoatsc4AhTP9TXGaU7lwQ8ulzDuKoHBHUy75XsGVlfdB3SiWcu_NABNqU7C7g6qjTJOW5uEX4r1JYqke97DIlqpRg3JUBkXdjT4N4GgyvWkRkx40ddPUo已加入redis黑名单
2020-09-06 11:40:42 INFO  [.myjwt.common.filters.JwtAuthenticationTokenFilter] : 用户：yjg的token：eyJhbGciOiJSUzI1NiJ9.eyJzdWIiOiJ5amciLCJpcCI6IjEyNy4wLjAuMSIsImV4cCI6MTU5OTM2MzkzNH0.uRQuAWRXiACjmXd5GsDPRrwBADtXJvF59re3coLWH9ewBPphGd4KKidoatsc4AhTP9TXGaU7lwQ8ulzDuKoHBHUy75XsGVlfdB3SiWcu_NABNqU7C7g6qjTJOW5uEX4r1JYqke97DIlqpRg3JUBkXdjT4N4GgyvWkRkx40ddPUo在黑名单之中，拒绝访问
2020-09-06 11:41:41 INFO  [.myjwt.common.filters.JwtAuthenticationTokenFilter] : 用户：yjg的token：eyJhbGciOiJSUzI1NiJ9.eyJzdWIiOiJ5amciLCJpcCI6IjEyNy4wLjAuMSIsImV4cCI6MTU5OTM2MzkzNH0.uRQuAWRXiACjmXd5GsDPRrwBADtXJvF59re3coLWH9ewBPphGd4KKidoatsc4AhTP9TXGaU7lwQ8ulzDuKoHBHUy75XsGVlfdB3SiWcu_NABNqU7C7g6qjTJOW5uEX4r1JYqke97DIlqpRg3JUBkXdjT4N4GgyvWkRkx40ddPUo在黑名单之中，拒绝访问
2020-09-06 11:42:25 INFO  [.myjwt.common.filters.JwtAuthenticationTokenFilter] : 用户：yjg的token：eyJhbGciOiJSUzI1NiJ9.eyJzdWIiOiJ5amciLCJpcCI6IjEyNy4wLjAuMSIsImV4cCI6MTU5OTM2MzkzNH0.uRQuAWRXiACjmXd5GsDPRrwBADtXJvF59re3coLWH9ewBPphGd4KKidoatsc4AhTP9TXGaU7lwQ8ulzDuKoHBHUy75XsGVlfdB3SiWcu_NABNqU7C7g6qjTJOW5uEX4r1JYqke97DIlqpRg3JUBkXdjT4N4GgyvWkRkx40ddPUo在黑名单之中，拒绝访问
2020-09-06 11:43:12 INFO  [.myjwt.common.filters.JwtAuthenticationTokenFilter] : 用户：yjg的token：eyJhbGciOiJSUzI1NiJ9.eyJzdWIiOiJ5amciLCJpcCI6IjEyNy4wLjAuMSIsImV4cCI6MTU5OTM2MzkzNH0.uRQuAWRXiACjmXd5GsDPRrwBADtXJvF59re3coLWH9ewBPphGd4KKidoatsc4AhTP9TXGaU7lwQ8ulzDuKoHBHUy75XsGVlfdB3SiWcu_NABNqU7C7g6qjTJOW5uEX4r1JYqke97DIlqpRg3JUBkXdjT4N4GgyvWkRkx40ddPUo在黑名单之中，拒绝访问
2020-09-06 11:46:29 INFO  [.myjwt.common.filters.JwtAuthenticationTokenFilter] : 用户：null的token：eyJhbGciOiJSUzI1NiJ9.eyJzdWIiOiJ5amciLCJpcCI6IjEyNy4wLjAuMSIsImV4cCI6MTU5OTM2MzkzNH0.uRQuAWRXiACjmXd5GsDPRrwBADtXJvF59re3coLWH9ewBPphGd4KKidoatsc4AhTP9TXGaU7lwQ8ulzDuKoHBHUy75XsGVlfdB3SiWcu_NABNqU7C7g6qjTJOW5uEX4r1JYqke97DIlqpRg3JUBkXdjT4N4GgyvWkRkx40ddPUo在黑名单之中，拒绝访问
2020-09-06 11:46:33 INFO  [.myjwt.common.filters.JwtAuthenticationTokenFilter] : 用户：null的token：eyJhbGciOiJSUzI1NiJ9.eyJzdWIiOiJ5amciLCJpcCI6IjEyNy4wLjAuMSIsImV4cCI6MTU5OTM2MzkzNH0.uRQuAWRXiACjmXd5GsDPRrwBADtXJvF59re3coLWH9ewBPphGd4KKidoatsc4AhTP9TXGaU7lwQ8ulzDuKoHBHUy75XsGVlfdB3SiWcu_NABNqU7C7g6qjTJOW5uEX4r1JYqke97DIlqpRg3JUBkXdjT4N4GgyvWkRkx40ddPUo在黑名单之中，拒绝访问
2020-09-06 11:46:44 INFO  [.myjwt.common.filters.JwtAuthenticationTokenFilter] : 用户：null的token：eyJhbGciOiJSUzI1NiJ9.eyJzdWIiOiJ5amciLCJpcCI6IjEyNy4wLjAuMSIsImV4cCI6MTU5OTM2MzkzNH0.uRQuAWRXiACjmXd5GsDPRrwBADtXJvF59re3coLWH9ewBPphGd4KKidoatsc4AhTP9TXGaU7lwQ8ulzDuKoHBHUy75XsGVlfdB3SiWcu_NABNqU7C7g6qjTJOW5uEX4r1JYqke97DIlqpRg3JUBkXdjT4N4GgyvWkRkx40ddPUo在黑名单之中，拒绝访问
2020-09-06 11:48:11 INFO  [.myjwt.common.filters.JwtAuthenticationTokenFilter] : 用户：null的token：eyJhbGciOiJSUzI1NiJ9.eyJzdWIiOiJ5amciLCJpcCI6IjEyNy4wLjAuMSIsImV4cCI6MTU5OTM2MzkzNH0.uRQuAWRXiACjmXd5GsDPRrwBADtXJvF59re3coLWH9ewBPphGd4KKidoatsc4AhTP9TXGaU7lwQ8ulzDuKoHBHUy75XsGVlfdB3SiWcu_NABNqU7C7g6qjTJOW5uEX4r1JYqke97DIlqpRg3JUBkXdjT4N4GgyvWkRkx40ddPUo在黑名单之中，拒绝访问
2020-09-06 11:48:36 INFO  [.myjwt.common.filters.JwtAuthenticationTokenFilter] : 用户：null的token：eyJhbGciOiJSUzI1NiJ9.eyJzdWIiOiJ5amciLCJpcCI6IjEyNy4wLjAuMSIsImV4cCI6MTU5OTM2MzkzNH0.uRQuAWRXiACjmXd5GsDPRrwBADtXJvF59re3coLWH9ewBPphGd4KKidoatsc4AhTP9TXGaU7lwQ8ulzDuKoHBHUy75XsGVlfdB3SiWcu_NABNqU7C7g6qjTJOW5uEX4r1JYqke97DIlqpRg3JUBkXdjT4N4GgyvWkRkx40ddPUo在黑名单之中，拒绝访问
2020-09-06 11:48:39 INFO  [.myjwt.common.filters.JwtAuthenticationTokenFilter] : 用户：null的token：eyJhbGciOiJSUzI1NiJ9.eyJzdWIiOiJ5amciLCJpcCI6IjEyNy4wLjAuMSIsImV4cCI6MTU5OTM2MzkzNH0.uRQuAWRXiACjmXd5GsDPRrwBADtXJvF59re3coLWH9ewBPphGd4KKidoatsc4AhTP9TXGaU7lwQ8ulzDuKoHBHUy75XsGVlfdB3SiWcu_NABNqU7C7g6qjTJOW5uEX4r1JYqke97DIlqpRg3JUBkXdjT4N4GgyvWkRkx40ddPUo在黑名单之中，拒绝访问
2020-09-06 11:49:53 INFO  [.myjwt.common.filters.JwtAuthenticationTokenFilter] : 用户：null的token：eyJhbGciOiJSUzI1NiJ9.eyJzdWIiOiJ5amciLCJpcCI6IjEyNy4wLjAuMSIsImV4cCI6MTU5OTM2MzkzNH0.uRQuAWRXiACjmXd5GsDPRrwBADtXJvF59re3coLWH9ewBPphGd4KKidoatsc4AhTP9TXGaU7lwQ8ulzDuKoHBHUy75XsGVlfdB3SiWcu_NABNqU7C7g6qjTJOW5uEX4r1JYqke97DIlqpRg3JUBkXdjT4N4GgyvWkRkx40ddPUo在黑名单之中，拒绝访问
2020-09-06 11:49:58 INFO  [.myjwt.common.filters.JwtAuthenticationTokenFilter] : 用户：null的token：eyJhbGciOiJSUzI1NiJ9.eyJzdWIiOiJ5amciLCJpcCI6IjEyNy4wLjAuMSIsImV4cCI6MTU5OTM2MzkzNH0.uRQuAWRXiACjmXd5GsDPRrwBADtXJvF59re3coLWH9ewBPphGd4KKidoatsc4AhTP9TXGaU7lwQ8ulzDuKoHBHUy75XsGVlfdB3SiWcu_NABNqU7C7g6qjTJOW5uEX4r1JYqke97DIlqpRg3JUBkXdjT4N4GgyvWkRkx40ddPUo在黑名单之中，拒绝访问
2020-09-06 11:50:52 INFO  [.myjwt.common.filters.JwtAuthenticationTokenFilter] : 用户：null的token：eyJhbGciOiJSUzI1NiJ9.eyJzdWIiOiJ5amciLCJpcCI6IjEyNy4wLjAuMSIsImV4cCI6MTU5OTM2MzkzNH0.uRQuAWRXiACjmXd5GsDPRrwBADtXJvF59re3coLWH9ewBPphGd4KKidoatsc4AhTP9TXGaU7lwQ8ulzDuKoHBHUy75XsGVlfdB3SiWcu_NABNqU7C7g6qjTJOW5uEX4r1JYqke97DIlqpRg3JUBkXdjT4N4GgyvWkRkx40ddPUo在黑名单之中，拒绝访问
2020-09-06 11:50:57 INFO  [.myjwt.common.filters.JwtAuthenticationTokenFilter] : 用户：null的token：eyJhbGciOiJSUzI1NiJ9.eyJzdWIiOiJ5amciLCJpcCI6IjEyNy4wLjAuMSIsImV4cCI6MTU5OTM2MzkzNH0.uRQuAWRXiACjmXd5GsDPRrwBADtXJvF59re3coLWH9ewBPphGd4KKidoatsc4AhTP9TXGaU7lwQ8ulzDuKoHBHUy75XsGVlfdB3SiWcu_NABNqU7C7g6qjTJOW5uEX4r1JYqke97DIlqpRg3JUBkXdjT4N4GgyvWkRkx40ddPUo在黑名单之中，拒绝访问
2020-09-06 11:51:00 INFO  [.myjwt.common.filters.JwtAuthenticationTokenFilter] : 用户：null的token：eyJhbGciOiJSUzI1NiJ9.eyJzdWIiOiJ5amciLCJpcCI6IjEyNy4wLjAuMSIsImV4cCI6MTU5OTM2MzkzNH0.uRQuAWRXiACjmXd5GsDPRrwBADtXJvF59re3coLWH9ewBPphGd4KKidoatsc4AhTP9TXGaU7lwQ8ulzDuKoHBHUy75XsGVlfdB3SiWcu_NABNqU7C7g6qjTJOW5uEX4r1JYqke97DIlqpRg3JUBkXdjT4N4GgyvWkRkx40ddPUo在黑名单之中，拒绝访问
2020-09-06 11:51:03 INFO  [her.myjwt.common.security.AjaxLogoutSuccessHandler] : token：eyJhbGciOiJSUzI1NiJ9.eyJzdWIiOiJ5amciLCJpcCI6IjEyNy4wLjAuMSIsImV4cCI6MTU5OTM2MzkzNH0.uRQuAWRXiACjmXd5GsDPRrwBADtXJvF59re3coLWH9ewBPphGd4KKidoatsc4AhTP9TXGaU7lwQ8ulzDuKoHBHUy75XsGVlfdB3SiWcu_NABNqU7C7g6qjTJOW5uEX4r1JYqke97DIlqpRg3JUBkXdjT4N4GgyvWkRkx40ddPUo已加入redis黑名单
2020-09-06 11:51:46 INFO  [.myjwt.common.filters.JwtAuthenticationTokenFilter] : 用户：null的token：eyJhbGciOiJSUzI1NiJ9.eyJzdWIiOiJ5amciLCJpcCI6IjEyNy4wLjAuMSIsImV4cCI6MTU5OTM2MzkzNH0.uRQuAWRXiACjmXd5GsDPRrwBADtXJvF59re3coLWH9ewBPphGd4KKidoatsc4AhTP9TXGaU7lwQ8ulzDuKoHBHUy75XsGVlfdB3SiWcu_NABNqU7C7g6qjTJOW5uEX4r1JYqke97DIlqpRg3JUBkXdjT4N4GgyvWkRkx40ddPUo在黑名单之中，拒绝访问
2020-09-06 11:52:09 INFO  [.myjwt.common.filters.JwtAuthenticationTokenFilter] : 用户：null的token：eyJhbGciOiJSUzI1NiJ9.eyJzdWIiOiJ5amciLCJpcCI6IjEyNy4wLjAuMSIsImV4cCI6MTU5OTM2MzkzNH0.uRQuAWRXiACjmXd5GsDPRrwBADtXJvF59re3coLWH9ewBPphGd4KKidoatsc4AhTP9TXGaU7lwQ8ulzDuKoHBHUy75XsGVlfdB3SiWcu_NABNqU7C7g6qjTJOW5uEX4r1JYqke97DIlqpRg3JUBkXdjT4N4GgyvWkRkx40ddPUo在黑名单之中，拒绝访问
2020-09-06 11:52:28 INFO  [.myjwt.common.filters.JwtAuthenticationTokenFilter] : 用户：null的token：eyJhbGciOiJSUzI1NiJ9.eyJzdWIiOiJ5amciLCJpcCI6IjEyNy4wLjAuMSIsImV4cCI6MTU5OTM2MzkzNH0.uRQuAWRXiACjmXd5GsDPRrwBADtXJvF59re3coLWH9ewBPphGd4KKidoatsc4AhTP9TXGaU7lwQ8ulzDuKoHBHUy75XsGVlfdB3SiWcu_NABNqU7C7g6qjTJOW5uEX4r1JYqke97DIlqpRg3JUBkXdjT4N4GgyvWkRkx40ddPUo在黑名单之中，拒绝访问
2020-09-06 11:53:13 INFO  [.myjwt.common.filters.JwtAuthenticationTokenFilter] : 用户：null的token：eyJhbGciOiJSUzI1NiJ9.eyJzdWIiOiJ5amciLCJpcCI6IjEyNy4wLjAuMSIsImV4cCI6MTU5OTM2MzkzNH0.uRQuAWRXiACjmXd5GsDPRrwBADtXJvF59re3coLWH9ewBPphGd4KKidoatsc4AhTP9TXGaU7lwQ8ulzDuKoHBHUy75XsGVlfdB3SiWcu_NABNqU7C7g6qjTJOW5uEX4r1JYqke97DIlqpRg3JUBkXdjT4N4GgyvWkRkx40ddPUo在黑名单之中，拒绝访问
2020-09-06 11:53:29 INFO  [.myjwt.common.filters.JwtAuthenticationTokenFilter] : 用户：null的token：eyJhbGciOiJSUzI1NiJ9.eyJzdWIiOiJ5amciLCJpcCI6IjEyNy4wLjAuMSIsImV4cCI6MTU5OTM2MzkzNH0.uRQuAWRXiACjmXd5GsDPRrwBADtXJvF59re3coLWH9ewBPphGd4KKidoatsc4AhTP9TXGaU7lwQ8ulzDuKoHBHUy75XsGVlfdB3SiWcu_NABNqU7C7g6qjTJOW5uEX4r1JYqke97DIlqpRg3JUBkXdjT4N4GgyvWkRkx40ddPUo在黑名单之中，拒绝访问
2020-09-06 11:53:35 INFO  [.myjwt.common.filters.JwtAuthenticationTokenFilter] : 用户：null的token：eyJhbGciOiJSUzI1NiJ9.eyJzdWIiOiJ5amciLCJpcCI6IjEyNy4wLjAuMSIsImV4cCI6MTU5OTM2MzkzNH0.uRQuAWRXiACjmXd5GsDPRrwBADtXJvF59re3coLWH9ewBPphGd4KKidoatsc4AhTP9TXGaU7lwQ8ulzDuKoHBHUy75XsGVlfdB3SiWcu_NABNqU7C7g6qjTJOW5uEX4r1JYqke97DIlqpRg3JUBkXdjT4N4GgyvWkRkx40ddPUo在黑名单之中，拒绝访问
2020-09-06 11:53:54 INFO  [her.myjwt.common.security.AjaxLogoutSuccessHandler] : token：eyJhbGciOiJSUzI1NiJ9.eyJzdWIiOiJ5amciLCJpcCI6IjEyNy4wLjAuMSIsImV4cCI6MTU5OTM2MzkzNH0.uRQuAWRXiACjmXd5GsDPRrwBADtXJvF59re3coLWH9ewBPphGd4KKidoatsc4AhTP9TXGaU7lwQ8ulzDuKoHBHUy75XsGVlfdB3SiWcu_NABNqU7C7g6qjTJOW5uEX4r1JYqke97DIlqpRg3JUBkXdjT4N4GgyvWkRkx40ddPUo已加入redis黑名单
2020-09-06 11:54:00 INFO  [t.common.security.AjaxAuthenticationSuccessHandler] : 用户yjg登录成功，信息已保存至redis
2020-09-06 11:54:03 INFO  [her.myjwt.common.security.AjaxLogoutSuccessHandler] : token：eyJhbGciOiJSUzI1NiJ9.eyJzdWIiOiJ5amciLCJpcCI6IjEyNy4wLjAuMSIsImV4cCI6MTU5OTM2NDc0MH0.uT9YH2R_g85soEZVETZVB2wzYxiPvZDZmouUWQuA6b9r8eA4DVH3IlUwN6I3DUEMPRotwChsXk1BwIgf2fL3UugZoq-Umbh4klIzs-eJ5hoPsh4Y99OFOWLfP2ylveZamEEQMEsdsrCeLdS_Ncj8Oi2P_qJebHJ18eTKFaxwBOA已加入redis黑名单
2020-09-06 11:54:08 INFO  [.myjwt.common.filters.JwtAuthenticationTokenFilter] : 用户：yjg的token：eyJhbGciOiJSUzI1NiJ9.eyJzdWIiOiJ5amciLCJpcCI6IjEyNy4wLjAuMSIsImV4cCI6MTU5OTM2NDc0MH0.uT9YH2R_g85soEZVETZVB2wzYxiPvZDZmouUWQuA6b9r8eA4DVH3IlUwN6I3DUEMPRotwChsXk1BwIgf2fL3UugZoq-Umbh4klIzs-eJ5hoPsh4Y99OFOWLfP2ylveZamEEQMEsdsrCeLdS_Ncj8Oi2P_qJebHJ18eTKFaxwBOA在黑名单之中，拒绝访问
2020-09-06 11:54:49 INFO  [.myjwt.common.filters.JwtAuthenticationTokenFilter] : 用户：yjg的token：eyJhbGciOiJSUzI1NiJ9.eyJzdWIiOiJ5amciLCJpcCI6IjEyNy4wLjAuMSIsImV4cCI6MTU5OTM2NDc0MH0.uT9YH2R_g85soEZVETZVB2wzYxiPvZDZmouUWQuA6b9r8eA4DVH3IlUwN6I3DUEMPRotwChsXk1BwIgf2fL3UugZoq-Umbh4klIzs-eJ5hoPsh4Y99OFOWLfP2ylveZamEEQMEsdsrCeLdS_Ncj8Oi2P_qJebHJ18eTKFaxwBOA在黑名单之中，拒绝访问
2020-09-06 11:54:56 INFO  [.myjwt.common.filters.JwtAuthenticationTokenFilter] : 用户：yjg的token：eyJhbGciOiJSUzI1NiJ9.eyJzdWIiOiJ5amciLCJpcCI6IjEyNy4wLjAuMSIsImV4cCI6MTU5OTM2NDc0MH0.uT9YH2R_g85soEZVETZVB2wzYxiPvZDZmouUWQuA6b9r8eA4DVH3IlUwN6I3DUEMPRotwChsXk1BwIgf2fL3UugZoq-Umbh4klIzs-eJ5hoPsh4Y99OFOWLfP2ylveZamEEQMEsdsrCeLdS_Ncj8Oi2P_qJebHJ18eTKFaxwBOA在黑名单之中，拒绝访问
2020-09-06 13:46:58 INFO  [.myjwt.common.filters.JwtAuthenticationTokenFilter] : 用户：null的token：eyJhbGciOiJSUzI1NiJ9.eyJzdWIiOiJ5amciLCJpcCI6IjEyNy4wLjAuMSIsImV4cCI6MTU5OTM2NDc0MH0.uT9YH2R_g85soEZVETZVB2wzYxiPvZDZmouUWQuA6b9r8eA4DVH3IlUwN6I3DUEMPRotwChsXk1BwIgf2fL3UugZoq-Umbh4klIzs-eJ5hoPsh4Y99OFOWLfP2ylveZamEEQMEsdsrCeLdS_Ncj8Oi2P_qJebHJ18eTKFaxwBOA在黑名单之中，拒绝访问
