2020-09-04 14:15:40 INFO  [org.springframework.boot.StartupInfoLogger        ] : Starting MyJwtApplication on DESKTOP-8V40PDD with PID 8388 (E:\MyItem\my-jwt\target\classes started by yjg in E:\MyItem)
2020-09-04 14:15:40 INFO  [org.springframework.boot.SpringApplication        ] : No active profile set, falling back to default profiles: default
2020-09-04 14:15:40 INFO  [.repository.config.RepositoryConfigurationDelegate] : Multiple Spring Data modules found, entering strict repository configuration mode!
2020-09-04 14:15:40 INFO  [.repository.config.RepositoryConfigurationDelegate] : Bootstrapping Spring Data Redis repositories in DEFAULT mode.
2020-09-04 14:15:40 INFO  [.repository.config.RepositoryConfigurationDelegate] : Finished Spring Data repository scanning in 16ms. Found 0 Redis repository interfaces.
2020-09-04 14:15:41 INFO  [framework.boot.web.embedded.tomcat.TomcatWebServer] : Tomcat initialized with port(s): 9090 (http)
2020-09-04 14:15:41 INFO  [org.apache.juli.logging.DirectJDKLog              ] : Initializing ProtocolHandler ["http-nio-9090"]
2020-09-04 14:15:41 INFO  [org.apache.juli.logging.DirectJDKLog              ] : Starting service [Tomcat]
2020-09-04 14:15:41 INFO  [org.apache.juli.logging.DirectJDKLog              ] : Starting Servlet engine: [Apache Tomcat/9.0.37]
2020-09-04 14:15:41 INFO  [org.apache.juli.logging.DirectJDKLog              ] : Initializing Spring embedded WebApplicationContext
2020-09-04 14:15:41 INFO  [servlet.context.ServletWebServerApplicationContext] : Root WebApplicationContext: initialization completed in 1091 ms
2020-09-04 14:15:41 INFO  [com.alibaba.druid.pool.DruidDataSource            ] : {dataSource-1} inited
2020-09-04 14:15:42 INFO  [scheduling.concurrent.ExecutorConfigurationSupport] : Initializing ExecutorService 'applicationTaskExecutor'
2020-09-04 14:15:42 INFO  [gframework.security.web.DefaultSecurityFilterChain] : Creating filter chain: any request, [org.springframework.security.web.context.request.async.WebAsyncManagerIntegrationFilter@29c1249a, org.springframework.security.web.context.SecurityContextPersistenceFilter@2969a9a6, org.springframework.security.web.header.HeaderWriterFilter@58739e5e, org.springframework.security.web.authentication.logout.LogoutFilter@4ced17f3, com.alimather.myjwt.common.filters.JwtAuthenticationTokenFilter@53940e2f, org.springframework.security.web.authentication.UsernamePasswordAuthenticationFilter@274bae2c, org.springframework.security.web.authentication.ui.DefaultLoginPageGeneratingFilter@f849027, org.springframework.security.web.authentication.ui.DefaultLogoutPageGeneratingFilter@5beb6be2, org.springframework.security.web.authentication.www.BasicAuthenticationFilter@7c4d1c7b, org.springframework.security.web.savedrequest.RequestCacheAwareFilter@25470477, org.springframework.security.web.servletapi.SecurityContextHolderAwareRequestFilter@1124910c, org.springframework.security.web.authentication.rememberme.RememberMeAuthenticationFilter@6eeb29c0, org.springframework.security.web.authentication.AnonymousAuthenticationFilter@2d6a0766, org.springframework.security.web.session.SessionManagementFilter@4e2cdc51, org.springframework.security.web.access.ExceptionTranslationFilter@171aa66, org.springframework.security.web.access.intercept.FilterSecurityInterceptor@74a85515]
2020-09-04 14:15:42 INFO  [org.apache.juli.logging.DirectJDKLog              ] : Starting ProtocolHandler ["http-nio-9090"]
2020-09-04 14:15:42 INFO  [framework.boot.web.embedded.tomcat.TomcatWebServer] : Tomcat started on port(s): 9090 (http) with context path ''
2020-09-04 14:15:42 INFO  [org.springframework.boot.StartupInfoLogger        ] : Started MyJwtApplication in 2.81 seconds (JVM running for 4.112)
2020-09-04 14:16:47 INFO  [org.springframework.boot.StartupInfoLogger        ] : Starting MyJwtApplication on DESKTOP-8V40PDD with PID 11652 (E:\MyItem\my-jwt\target\classes started by yjg in E:\MyItem)
2020-09-04 14:16:47 INFO  [org.springframework.boot.SpringApplication        ] : No active profile set, falling back to default profiles: default
2020-09-04 14:16:47 INFO  [.repository.config.RepositoryConfigurationDelegate] : Multiple Spring Data modules found, entering strict repository configuration mode!
2020-09-04 14:16:47 INFO  [.repository.config.RepositoryConfigurationDelegate] : Bootstrapping Spring Data Redis repositories in DEFAULT mode.
2020-09-04 14:16:47 INFO  [.repository.config.RepositoryConfigurationDelegate] : Finished Spring Data repository scanning in 20ms. Found 0 Redis repository interfaces.
2020-09-04 14:16:48 INFO  [framework.boot.web.embedded.tomcat.TomcatWebServer] : Tomcat initialized with port(s): 9090 (http)
2020-09-04 14:16:48 INFO  [org.apache.juli.logging.DirectJDKLog              ] : Initializing ProtocolHandler ["http-nio-9090"]
2020-09-04 14:16:48 INFO  [org.apache.juli.logging.DirectJDKLog              ] : Starting service [Tomcat]
2020-09-04 14:16:48 INFO  [org.apache.juli.logging.DirectJDKLog              ] : Starting Servlet engine: [Apache Tomcat/9.0.37]
2020-09-04 14:16:48 INFO  [org.apache.juli.logging.DirectJDKLog              ] : Initializing Spring embedded WebApplicationContext
2020-09-04 14:16:48 INFO  [servlet.context.ServletWebServerApplicationContext] : Root WebApplicationContext: initialization completed in 1261 ms
2020-09-04 14:16:48 INFO  [com.alibaba.druid.pool.DruidDataSource            ] : {dataSource-1} inited
2020-09-04 14:16:49 INFO  [scheduling.concurrent.ExecutorConfigurationSupport] : Initializing ExecutorService 'applicationTaskExecutor'
2020-09-04 14:16:49 INFO  [gframework.security.web.DefaultSecurityFilterChain] : Creating filter chain: any request, [org.springframework.security.web.context.request.async.WebAsyncManagerIntegrationFilter@2d6a0766, org.springframework.security.web.context.SecurityContextPersistenceFilter@6182ffef, org.springframework.security.web.header.HeaderWriterFilter@2969a9a6, org.springframework.security.web.authentication.logout.LogoutFilter@6ce9771c, com.alimather.myjwt.common.filters.JwtAuthenticationTokenFilter@28157173, org.springframework.security.web.authentication.UsernamePasswordAuthenticationFilter@1d3d76b4, org.springframework.security.web.authentication.ui.DefaultLoginPageGeneratingFilter@75e0a54c, org.springframework.security.web.authentication.ui.DefaultLogoutPageGeneratingFilter@1182d1df, org.springframework.security.web.authentication.www.BasicAuthenticationFilter@36f6d25c, org.springframework.security.web.savedrequest.RequestCacheAwareFilter@49e479da, org.springframework.security.web.servletapi.SecurityContextHolderAwareRequestFilter@4a9869a8, org.springframework.security.web.authentication.rememberme.RememberMeAuthenticationFilter@6f986501, org.springframework.security.web.authentication.AnonymousAuthenticationFilter@31c7c281, org.springframework.security.web.session.SessionManagementFilter@25470477, org.springframework.security.web.access.ExceptionTranslationFilter@4e2cdc51, org.springframework.security.web.access.intercept.FilterSecurityInterceptor@3dfe92ef]
2020-09-04 14:16:49 INFO  [org.apache.juli.logging.DirectJDKLog              ] : Starting ProtocolHandler ["http-nio-9090"]
2020-09-04 14:16:49 INFO  [framework.boot.web.embedded.tomcat.TomcatWebServer] : Tomcat started on port(s): 9090 (http) with context path ''
2020-09-04 14:16:49 INFO  [org.springframework.boot.StartupInfoLogger        ] : Started MyJwtApplication in 3.417 seconds (JVM running for 5.166)
2020-09-04 14:20:26 INFO  [org.springframework.boot.StartupInfoLogger        ] : Starting MyJwtApplication on DESKTOP-8V40PDD with PID 24216 (E:\MyItem\my-jwt\target\classes started by yjg in E:\MyItem)
2020-09-04 14:20:26 INFO  [org.springframework.boot.SpringApplication        ] : No active profile set, falling back to default profiles: default
2020-09-04 14:20:27 INFO  [.repository.config.RepositoryConfigurationDelegate] : Multiple Spring Data modules found, entering strict repository configuration mode!
2020-09-04 14:20:27 INFO  [.repository.config.RepositoryConfigurationDelegate] : Bootstrapping Spring Data Redis repositories in DEFAULT mode.
2020-09-04 14:20:27 INFO  [.repository.config.RepositoryConfigurationDelegate] : Finished Spring Data repository scanning in 17ms. Found 0 Redis repository interfaces.
2020-09-04 14:20:27 INFO  [framework.boot.web.embedded.tomcat.TomcatWebServer] : Tomcat initialized with port(s): 9090 (http)
2020-09-04 14:20:27 INFO  [org.apache.juli.logging.DirectJDKLog              ] : Initializing ProtocolHandler ["http-nio-9090"]
2020-09-04 14:20:27 INFO  [org.apache.juli.logging.DirectJDKLog              ] : Starting service [Tomcat]
2020-09-04 14:20:27 INFO  [org.apache.juli.logging.DirectJDKLog              ] : Starting Servlet engine: [Apache Tomcat/9.0.37]
2020-09-04 14:20:28 INFO  [org.apache.juli.logging.DirectJDKLog              ] : Initializing Spring embedded WebApplicationContext
2020-09-04 14:20:28 INFO  [servlet.context.ServletWebServerApplicationContext] : Root WebApplicationContext: initialization completed in 1142 ms
2020-09-04 14:20:28 INFO  [com.alibaba.druid.pool.DruidDataSource            ] : {dataSource-1} inited
2020-09-04 14:20:28 INFO  [scheduling.concurrent.ExecutorConfigurationSupport] : Initializing ExecutorService 'applicationTaskExecutor'
2020-09-04 14:20:29 INFO  [gframework.security.web.DefaultSecurityFilterChain] : Creating filter chain: any request, [org.springframework.security.web.context.request.async.WebAsyncManagerIntegrationFilter@141aba65, org.springframework.security.web.context.SecurityContextPersistenceFilter@30fbc23, org.springframework.security.web.header.HeaderWriterFilter@49cb5030, org.springframework.security.web.authentication.logout.LogoutFilter@64fdcf99, com.alimather.myjwt.common.filters.JwtAuthenticationTokenFilter@66223d94, org.springframework.security.web.authentication.UsernamePasswordAuthenticationFilter@5908e6d6, org.springframework.security.web.authentication.ui.DefaultLoginPageGeneratingFilter@7bec8cb0, org.springframework.security.web.authentication.ui.DefaultLogoutPageGeneratingFilter@3356ff58, org.springframework.security.web.authentication.www.BasicAuthenticationFilter@786a3477, org.springframework.security.web.savedrequest.RequestCacheAwareFilter@2d74cbbd, org.springframework.security.web.servletapi.SecurityContextHolderAwareRequestFilter@4239262e, org.springframework.security.web.authentication.rememberme.RememberMeAuthenticationFilter@7afbf2a0, org.springframework.security.web.authentication.AnonymousAuthenticationFilter@b55f5b7, org.springframework.security.web.session.SessionManagementFilter@23c7cb18, org.springframework.security.web.access.ExceptionTranslationFilter@14874a5d, org.springframework.security.web.access.intercept.FilterSecurityInterceptor@5f409872]
2020-09-04 14:20:29 INFO  [org.apache.juli.logging.DirectJDKLog              ] : Starting ProtocolHandler ["http-nio-9090"]
2020-09-04 14:20:29 INFO  [framework.boot.web.embedded.tomcat.TomcatWebServer] : Tomcat started on port(s): 9090 (http) with context path ''
2020-09-04 14:20:29 INFO  [org.springframework.boot.StartupInfoLogger        ] : Started MyJwtApplication in 2.903 seconds (JVM running for 4.333)
2020-09-04 14:30:58 INFO  [org.apache.juli.logging.DirectJDKLog              ] : Initializing Spring DispatcherServlet 'dispatcherServlet'
2020-09-04 14:30:58 INFO  [org.springframework.web.servlet.FrameworkServlet  ] : Initializing Servlet 'dispatcherServlet'
2020-09-04 14:30:58 INFO  [org.springframework.web.servlet.FrameworkServlet  ] : Completed initialization in 5 ms
2020-09-04 14:31:21 INFO  [t.common.security.AjaxAuthenticationFailureHandler] : -------->USER_LOGIN_FAILED<--------
2020-09-04 14:33:50 INFO  [scheduling.concurrent.ExecutorConfigurationSupport] : Shutting down ExecutorService 'applicationTaskExecutor'
2020-09-04 14:33:50 INFO  [com.alibaba.druid.pool.DruidDataSource            ] : {dataSource-1} closed
2020-09-04 14:34:00 INFO  [org.springframework.boot.StartupInfoLogger        ] : Starting MyJwtApplication on DESKTOP-8V40PDD with PID 10504 (E:\MyItem\my-jwt\target\classes started by yjg in E:\MyItem)
2020-09-04 14:34:00 INFO  [org.springframework.boot.SpringApplication        ] : No active profile set, falling back to default profiles: default
2020-09-04 14:34:01 INFO  [.repository.config.RepositoryConfigurationDelegate] : Multiple Spring Data modules found, entering strict repository configuration mode!
2020-09-04 14:34:01 INFO  [.repository.config.RepositoryConfigurationDelegate] : Bootstrapping Spring Data Redis repositories in DEFAULT mode.
2020-09-04 14:34:01 INFO  [.repository.config.RepositoryConfigurationDelegate] : Finished Spring Data repository scanning in 18ms. Found 0 Redis repository interfaces.
2020-09-04 14:34:01 INFO  [framework.boot.web.embedded.tomcat.TomcatWebServer] : Tomcat initialized with port(s): 9090 (http)
2020-09-04 14:34:01 INFO  [org.apache.juli.logging.DirectJDKLog              ] : Initializing ProtocolHandler ["http-nio-9090"]
2020-09-04 14:34:01 INFO  [org.apache.juli.logging.DirectJDKLog              ] : Starting service [Tomcat]
2020-09-04 14:34:01 INFO  [org.apache.juli.logging.DirectJDKLog              ] : Starting Servlet engine: [Apache Tomcat/9.0.37]
2020-09-04 14:34:01 INFO  [org.apache.juli.logging.DirectJDKLog              ] : Initializing Spring embedded WebApplicationContext
2020-09-04 14:34:01 INFO  [servlet.context.ServletWebServerApplicationContext] : Root WebApplicationContext: initialization completed in 1333 ms
2020-09-04 14:34:01 INFO  [com.alibaba.druid.pool.DruidDataSource            ] : {dataSource-1} inited
2020-09-04 14:34:02 INFO  [scheduling.concurrent.ExecutorConfigurationSupport] : Initializing ExecutorService 'applicationTaskExecutor'
2020-09-04 14:34:02 INFO  [gframework.security.web.DefaultSecurityFilterChain] : Creating filter chain: any request, [org.springframework.security.web.context.request.async.WebAsyncManagerIntegrationFilter@6c96403e, org.springframework.security.web.context.SecurityContextPersistenceFilter@2ba9f986, org.springframework.security.web.header.HeaderWriterFilter@5c5a91b4, org.springframework.security.web.authentication.logout.LogoutFilter@28bf82d9, com.alimather.myjwt.common.filters.JwtAuthenticationTokenFilter@7161457, org.springframework.security.web.authentication.UsernamePasswordAuthenticationFilter@6987a133, org.springframework.security.web.authentication.ui.DefaultLoginPageGeneratingFilter@64c8fcfb, org.springframework.security.web.authentication.ui.DefaultLogoutPageGeneratingFilter@7babed9e, org.springframework.security.web.authentication.www.BasicAuthenticationFilter@16bbaab3, org.springframework.security.web.savedrequest.RequestCacheAwareFilter@70f4f89e, org.springframework.security.web.servletapi.SecurityContextHolderAwareRequestFilter@77ccded4, org.springframework.security.web.authentication.rememberme.RememberMeAuthenticationFilter@1934339, org.springframework.security.web.authentication.AnonymousAuthenticationFilter@2353354a, org.springframework.security.web.session.SessionManagementFilter@59ec7020, org.springframework.security.web.access.ExceptionTranslationFilter@6b3d9c38, org.springframework.security.web.access.intercept.FilterSecurityInterceptor@42aa1324]
2020-09-04 14:34:02 INFO  [org.apache.juli.logging.DirectJDKLog              ] : Starting ProtocolHandler ["http-nio-9090"]
2020-09-04 14:34:02 INFO  [framework.boot.web.embedded.tomcat.TomcatWebServer] : Tomcat started on port(s): 9090 (http) with context path ''
2020-09-04 14:34:02 INFO  [org.springframework.boot.StartupInfoLogger        ] : Started MyJwtApplication in 3.334 seconds (JVM running for 4.814)
2020-09-04 14:34:11 INFO  [org.apache.juli.logging.DirectJDKLog              ] : Initializing Spring DispatcherServlet 'dispatcherServlet'
2020-09-04 14:34:11 INFO  [org.springframework.web.servlet.FrameworkServlet  ] : Initializing Servlet 'dispatcherServlet'
2020-09-04 14:34:11 INFO  [org.springframework.web.servlet.FrameworkServlet  ] : Completed initialization in 6 ms
2020-09-04 14:34:11 INFO  [t.common.security.AjaxAuthenticationFailureHandler] : -------->USER_LOGIN_FAILED<--------
2020-09-04 14:34:57 INFO  [scheduling.concurrent.ExecutorConfigurationSupport] : Shutting down ExecutorService 'applicationTaskExecutor'
2020-09-04 14:34:57 INFO  [com.alibaba.druid.pool.DruidDataSource            ] : {dataSource-1} closed
2020-09-04 14:35:05 INFO  [org.springframework.boot.StartupInfoLogger        ] : Starting MyJwtApplication on DESKTOP-8V40PDD with PID 21328 (E:\MyItem\my-jwt\target\classes started by yjg in E:\MyItem)
2020-09-04 14:35:05 INFO  [org.springframework.boot.SpringApplication        ] : No active profile set, falling back to default profiles: default
2020-09-04 14:35:05 INFO  [.repository.config.RepositoryConfigurationDelegate] : Multiple Spring Data modules found, entering strict repository configuration mode!
2020-09-04 14:35:05 INFO  [.repository.config.RepositoryConfigurationDelegate] : Bootstrapping Spring Data Redis repositories in DEFAULT mode.
2020-09-04 14:35:05 INFO  [.repository.config.RepositoryConfigurationDelegate] : Finished Spring Data repository scanning in 16ms. Found 0 Redis repository interfaces.
2020-09-04 14:35:06 INFO  [framework.boot.web.embedded.tomcat.TomcatWebServer] : Tomcat initialized with port(s): 9090 (http)
2020-09-04 14:35:06 INFO  [org.apache.juli.logging.DirectJDKLog              ] : Initializing ProtocolHandler ["http-nio-9090"]
2020-09-04 14:35:06 INFO  [org.apache.juli.logging.DirectJDKLog              ] : Starting service [Tomcat]
2020-09-04 14:35:06 INFO  [org.apache.juli.logging.DirectJDKLog              ] : Starting Servlet engine: [Apache Tomcat/9.0.37]
2020-09-04 14:35:06 INFO  [org.apache.juli.logging.DirectJDKLog              ] : Initializing Spring embedded WebApplicationContext
2020-09-04 14:35:06 INFO  [servlet.context.ServletWebServerApplicationContext] : Root WebApplicationContext: initialization completed in 1220 ms
2020-09-04 14:35:06 INFO  [com.alibaba.druid.pool.DruidDataSource            ] : {dataSource-1} inited
2020-09-04 14:35:07 INFO  [scheduling.concurrent.ExecutorConfigurationSupport] : Initializing ExecutorService 'applicationTaskExecutor'
2020-09-04 14:35:07 INFO  [gframework.security.web.DefaultSecurityFilterChain] : Creating filter chain: any request, [org.springframework.security.web.context.request.async.WebAsyncManagerIntegrationFilter@15d88c10, org.springframework.security.web.context.SecurityContextPersistenceFilter@5a899811, org.springframework.security.web.header.HeaderWriterFilter@315b4202, org.springframework.security.web.authentication.logout.LogoutFilter@40f9f60d, com.alimather.myjwt.common.filters.JwtAuthenticationTokenFilter@12f279b5, org.springframework.security.web.authentication.UsernamePasswordAuthenticationFilter@4a2e1e52, org.springframework.security.web.authentication.ui.DefaultLoginPageGeneratingFilter@2c16677c, org.springframework.security.web.authentication.ui.DefaultLogoutPageGeneratingFilter@22ca1242, org.springframework.security.web.authentication.www.BasicAuthenticationFilter@6ce9771c, org.springframework.security.web.savedrequest.RequestCacheAwareFilter@6a51ae7c, org.springframework.security.web.servletapi.SecurityContextHolderAwareRequestFilter@4656fcc5, org.springframework.security.web.authentication.rememberme.RememberMeAuthenticationFilter@3dfe92ef, org.springframework.security.web.authentication.AnonymousAuthenticationFilter@54b44879, org.springframework.security.web.session.SessionManagementFilter@58e03769, org.springframework.security.web.access.ExceptionTranslationFilter@28831d69, org.springframework.security.web.access.intercept.FilterSecurityInterceptor@674184d]
2020-09-04 14:35:07 INFO  [org.apache.juli.logging.DirectJDKLog              ] : Starting ProtocolHandler ["http-nio-9090"]
2020-09-04 14:35:07 INFO  [framework.boot.web.embedded.tomcat.TomcatWebServer] : Tomcat started on port(s): 9090 (http) with context path ''
2020-09-04 14:35:07 INFO  [org.springframework.boot.StartupInfoLogger        ] : Started MyJwtApplication in 3.173 seconds (JVM running for 4.655)
2020-09-04 14:35:12 INFO  [org.apache.juli.logging.DirectJDKLog              ] : Initializing Spring DispatcherServlet 'dispatcherServlet'
2020-09-04 14:35:12 INFO  [org.springframework.web.servlet.FrameworkServlet  ] : Initializing Servlet 'dispatcherServlet'
2020-09-04 14:35:12 INFO  [org.springframework.web.servlet.FrameworkServlet  ] : Completed initialization in 13 ms
2020-09-04 14:35:17 INFO  [t.common.security.AjaxAuthenticationFailureHandler] : -------->USER_LOGIN_FAILED<--------
2020-09-04 14:35:24 INFO  [t.common.security.AjaxAuthenticationSuccessHandler] : -------->USER_LOGIN_SUCCESS<--------
2020-09-04 14:36:23 INFO  [t.common.security.AjaxAuthenticationSuccessHandler] : -------->USER_LOGIN_SUCCESS<--------
2020-09-04 14:41:44 INFO  [t.common.security.AjaxAuthenticationSuccessHandler] : -------->USER_LOGIN_SUCCESS<--------
2020-09-04 14:42:18 INFO  [t.common.security.AjaxAuthenticationSuccessHandler] : -------->USER_LOGIN_SUCCESS<--------
2020-09-04 14:42:29 INFO  [t.common.security.AjaxAuthenticationSuccessHandler] : -------->USER_LOGIN_SUCCESS<--------
2020-09-04 15:03:36 INFO  [t.common.security.AjaxAuthenticationSuccessHandler] : -------->USER_LOGIN_SUCCESS<--------
2020-09-04 15:03:36 INFO  [t.common.security.AjaxAuthenticationSuccessHandler] : -------->USER_LOGIN_SUCCESS<--------
2020-09-04 15:04:01 INFO  [t.common.security.AjaxAuthenticationFailureHandler] : -------->USER_LOGIN_FAILED<--------
